ERROR - 2025-02-19 08:09:52 --> Error connecting to the database: mysqli_sql_exception: No connection could be made because the target machine actively refused it in C:\xampp\htdocs\CI_CRUD_MVC\system\Database\MySQLi\Connection.php:201
Stack trace:
#0 C:\xampp\htdocs\CI_CRUD_MVC\system\Database\MySQLi\Connection.php(201): mysqli->real_connect('localhost', 'root', Object(SensitiveParameterValue), 'edocs', 3306, '', 0)
#1 C:\xampp\htdocs\CI_CRUD_MVC\system\Database\BaseConnection.php(421): CodeIgniter\Database\MySQLi\Connection->connect(false)
#2 C:\xampp\htdocs\CI_CRUD_MVC\system\Database\BaseConnection.php(620): CodeIgniter\Database\BaseConnection->initialize()
#3 C:\xampp\htdocs\CI_CRUD_MVC\system\Database\BaseBuilder.php(1649): CodeIgniter\Database\BaseConnection->query('SELECT *\nFROM `...', Array, false)
#4 C:\xampp\htdocs\CI_CRUD_MVC\system\Model.php(286): CodeIgniter\Database\BaseBuilder->get()
#5 C:\xampp\htdocs\CI_CRUD_MVC\system\BaseModel.php(675): CodeIgniter\Model->doFindAll(0, 0)
#6 C:\xampp\htdocs\CI_CRUD_MVC\app\Models\NewsModel.php(16): CodeIgniter\BaseModel->findAll()
#7 C:\xampp\htdocs\CI_CRUD_MVC\app\Controllers\NewsController.php(14): App\Models\NewsModel->getNews()
#8 C:\xampp\htdocs\CI_CRUD_MVC\system\CodeIgniter.php(933): App\Controllers\NewsController->index()
#9 C:\xampp\htdocs\CI_CRUD_MVC\system\CodeIgniter.php(507): CodeIgniter\CodeIgniter->runController(Object(App\Controllers\NewsController))
#10 C:\xampp\htdocs\CI_CRUD_MVC\system\CodeIgniter.php(354): CodeIgniter\CodeIgniter->handleRequest(NULL, Object(Config\Cache), false)
#11 C:\xampp\htdocs\CI_CRUD_MVC\system\Boot.php(334): CodeIgniter\CodeIgniter->run()
#12 C:\xampp\htdocs\CI_CRUD_MVC\system\Boot.php(67): CodeIgniter\Boot::runCodeIgniter(Object(CodeIgniter\CodeIgniter))
#13 C:\xampp\htdocs\CI_CRUD_MVC\public\index.php(56): CodeIgniter\Boot::bootWeb(Object(Config\Paths))
#14 C:\xampp\htdocs\CI_CRUD_MVC\system\rewrite.php(44): require_once('C:\\xampp\\htdocs...')
#15 {main}

Next CodeIgniter\Database\Exceptions\DatabaseException: No connection could be made because the target machine actively refused it in C:\xampp\htdocs\CI_CRUD_MVC\system\Database\MySQLi\Connection.php:246
Stack trace:
#0 C:\xampp\htdocs\CI_CRUD_MVC\system\Database\BaseConnection.php(421): CodeIgniter\Database\MySQLi\Connection->connect(false)
#1 C:\xampp\htdocs\CI_CRUD_MVC\system\Database\BaseConnection.php(620): CodeIgniter\Database\BaseConnection->initialize()
#2 C:\xampp\htdocs\CI_CRUD_MVC\system\Database\BaseBuilder.php(1649): CodeIgniter\Database\BaseConnection->query('SELECT *\nFROM `...', Array, false)
#3 C:\xampp\htdocs\CI_CRUD_MVC\system\Model.php(286): CodeIgniter\Database\BaseBuilder->get()
#4 C:\xampp\htdocs\CI_CRUD_MVC\system\BaseModel.php(675): CodeIgniter\Model->doFindAll(0, 0)
#5 C:\xampp\htdocs\CI_CRUD_MVC\app\Models\NewsModel.php(16): CodeIgniter\BaseModel->findAll()
#6 C:\xampp\htdocs\CI_CRUD_MVC\app\Controllers\NewsController.php(14): App\Models\NewsModel->getNews()
#7 C:\xampp\htdocs\CI_CRUD_MVC\system\CodeIgniter.php(933): App\Controllers\NewsController->index()
#8 C:\xampp\htdocs\CI_CRUD_MVC\system\CodeIgniter.php(507): CodeIgniter\CodeIgniter->runController(Object(App\Controllers\NewsController))
#9 C:\xampp\htdocs\CI_CRUD_MVC\system\CodeIgniter.php(354): CodeIgniter\CodeIgniter->handleRequest(NULL, Object(Config\Cache), false)
#10 C:\xampp\htdocs\CI_CRUD_MVC\system\Boot.php(334): CodeIgniter\CodeIgniter->run()
#11 C:\xampp\htdocs\CI_CRUD_MVC\system\Boot.php(67): CodeIgniter\Boot::runCodeIgniter(Object(CodeIgniter\CodeIgniter))
#12 C:\xampp\htdocs\CI_CRUD_MVC\public\index.php(56): CodeIgniter\Boot::bootWeb(Object(Config\Paths))
#13 C:\xampp\htdocs\CI_CRUD_MVC\system\rewrite.php(44): require_once('C:\\xampp\\htdocs...')
#14 {main}
CRITICAL - 2025-02-19 08:09:52 --> CodeIgniter\Database\Exceptions\DatabaseException: Unable to connect to the database.
Main connection [MySQLi]: No connection could be made because the target machine actively refused it
[Method: GET, Route: news]
in SYSTEMPATH\Database\BaseConnection.php on line 467.
 1 SYSTEMPATH\Database\BaseConnection.php(620): CodeIgniter\Database\BaseConnection->initialize()
 2 SYSTEMPATH\Database\BaseBuilder.php(1649): CodeIgniter\Database\BaseConnection->query('SELECT *
FROM `news`', [], false)
 3 SYSTEMPATH\Model.php(286): CodeIgniter\Database\BaseBuilder->get()
 4 SYSTEMPATH\BaseModel.php(675): CodeIgniter\Model->doFindAll(0, 0)
 5 APPPATH\Models\NewsModel.php(16): CodeIgniter\BaseModel->findAll()
 6 APPPATH\Controllers\NewsController.php(14): App\Models\NewsModel->getNews()
 7 SYSTEMPATH\CodeIgniter.php(933): App\Controllers\NewsController->index()
 8 SYSTEMPATH\CodeIgniter.php(507): CodeIgniter\CodeIgniter->runController(Object(App\Controllers\NewsController))
 9 SYSTEMPATH\CodeIgniter.php(354): CodeIgniter\CodeIgniter->handleRequest(null, Object(Config\Cache), false)
10 SYSTEMPATH\Boot.php(334): CodeIgniter\CodeIgniter->run()
11 SYSTEMPATH\Boot.php(67): CodeIgniter\Boot::runCodeIgniter(Object(CodeIgniter\CodeIgniter))
12 FCPATH\index.php(56): CodeIgniter\Boot::bootWeb(Object(Config\Paths))
13 SYSTEMPATH\rewrite.php(44): require_once('C:\\xampp\\htdocs\\CI_CRUD_MVC\\public\\index.php')
DEBUG - 2025-02-19 08:58:04 --> Session: Class initialized using 'CodeIgniter\Session\Handlers\FileHandler' driver.
DEBUG - 2025-02-19 08:58:09 --> Session: Class initialized using 'CodeIgniter\Session\Handlers\FileHandler' driver.
DEBUG - 2025-02-19 08:58:14 --> Session: Class initialized using 'CodeIgniter\Session\Handlers\FileHandler' driver.
DEBUG - 2025-02-19 08:58:15 --> Session: Class initialized using 'CodeIgniter\Session\Handlers\FileHandler' driver.
DEBUG - 2025-02-19 08:58:56 --> Session: Class initialized using 'CodeIgniter\Session\Handlers\FileHandler' driver.
DEBUG - 2025-02-19 08:59:05 --> Session: Class initialized using 'CodeIgniter\Session\Handlers\FileHandler' driver.
DEBUG - 2025-02-19 08:59:59 --> Session: Class initialized using 'CodeIgniter\Session\Handlers\FileHandler' driver.
CRITICAL - 2025-02-19 08:59:59 --> ErrorException: Undefined variable $user_name
[Method: GET, Route: forms/login]
in APPPATH\Views\forms\login.php on line 9.
 1 APPPATH\Views\forms\login.php(9): CodeIgniter\Debug\Exceptions->errorHandler(2, 'Undefined variable $user_name', 'C:\\xampp\\htdocs\\CI_CRUD_MVC\\app\\Views\\forms\\login.php', 9)
 2 SYSTEMPATH\View\View.php(224): include('C:\\xampp\\htdocs\\CI_CRUD_MVC\\app\\Views\\forms\\login.php')
 3 SYSTEMPATH\View\View.php(227): CodeIgniter\View\View->CodeIgniter\View\{closure}()
 4 SYSTEMPATH\Common.php(1173): CodeIgniter\View\View->render('forms/login', [], true)
 5 APPPATH\Controllers\FormController.php(72): view('forms/login')
 6 SYSTEMPATH\CodeIgniter.php(933): App\Controllers\FormController->login()
 7 SYSTEMPATH\CodeIgniter.php(507): CodeIgniter\CodeIgniter->runController(Object(App\Controllers\FormController))
 8 SYSTEMPATH\CodeIgniter.php(354): CodeIgniter\CodeIgniter->handleRequest(null, Object(Config\Cache), false)
 9 SYSTEMPATH\Boot.php(334): CodeIgniter\CodeIgniter->run()
10 SYSTEMPATH\Boot.php(67): CodeIgniter\Boot::runCodeIgniter(Object(CodeIgniter\CodeIgniter))
11 FCPATH\index.php(56): CodeIgniter\Boot::bootWeb(Object(Config\Paths))
12 SYSTEMPATH\rewrite.php(44): require_once('C:\\xampp\\htdocs\\CI_CRUD_MVC\\public\\index.php')
DEBUG - 2025-02-19 09:00:13 --> Session: Class initialized using 'CodeIgniter\Session\Handlers\FileHandler' driver.
CRITICAL - 2025-02-19 09:00:13 --> ErrorException: Undefined variable $user_name
[Method: GET, Route: forms/login]
in APPPATH\Views\forms\login.php on line 9.
 1 APPPATH\Views\forms\login.php(9): CodeIgniter\Debug\Exceptions->errorHandler(2, 'Undefined variable $user_name', 'C:\\xampp\\htdocs\\CI_CRUD_MVC\\app\\Views\\forms\\login.php', 9)
 2 SYSTEMPATH\View\View.php(224): include('C:\\xampp\\htdocs\\CI_CRUD_MVC\\app\\Views\\forms\\login.php')
 3 SYSTEMPATH\View\View.php(227): CodeIgniter\View\View->CodeIgniter\View\{closure}()
 4 SYSTEMPATH\Common.php(1173): CodeIgniter\View\View->render('forms/login', [], true)
 5 APPPATH\Controllers\FormController.php(72): view('forms/login')
 6 SYSTEMPATH\CodeIgniter.php(933): App\Controllers\FormController->login()
 7 SYSTEMPATH\CodeIgniter.php(507): CodeIgniter\CodeIgniter->runController(Object(App\Controllers\FormController))
 8 SYSTEMPATH\CodeIgniter.php(354): CodeIgniter\CodeIgniter->handleRequest(null, Object(Config\Cache), false)
 9 SYSTEMPATH\Boot.php(334): CodeIgniter\CodeIgniter->run()
10 SYSTEMPATH\Boot.php(67): CodeIgniter\Boot::runCodeIgniter(Object(CodeIgniter\CodeIgniter))
11 FCPATH\index.php(56): CodeIgniter\Boot::bootWeb(Object(Config\Paths))
12 SYSTEMPATH\rewrite.php(44): require_once('C:\\xampp\\htdocs\\CI_CRUD_MVC\\public\\index.php')
DEBUG - 2025-02-19 09:01:03 --> Session: Class initialized using 'CodeIgniter\Session\Handlers\FileHandler' driver.
DEBUG - 2025-02-19 09:01:14 --> Session: Class initialized using 'CodeIgniter\Session\Handlers\FileHandler' driver.
DEBUG - 2025-02-19 09:01:15 --> Session: Class initialized using 'CodeIgniter\Session\Handlers\FileHandler' driver.
DEBUG - 2025-02-19 09:01:17 --> Session: Class initialized using 'CodeIgniter\Session\Handlers\FileHandler' driver.
DEBUG - 2025-02-19 09:01:19 --> Session: Class initialized using 'CodeIgniter\Session\Handlers\FileHandler' driver.
DEBUG - 2025-02-19 09:01:20 --> Session: Class initialized using 'CodeIgniter\Session\Handlers\FileHandler' driver.
DEBUG - 2025-02-19 09:01:22 --> Session: Class initialized using 'CodeIgniter\Session\Handlers\FileHandler' driver.
DEBUG - 2025-02-19 09:01:25 --> Session: Class initialized using 'CodeIgniter\Session\Handlers\FileHandler' driver.
DEBUG - 2025-02-19 09:01:26 --> Session: Class initialized using 'CodeIgniter\Session\Handlers\FileHandler' driver.
DEBUG - 2025-02-19 09:01:28 --> Session: Class initialized using 'CodeIgniter\Session\Handlers\FileHandler' driver.
DEBUG - 2025-02-19 09:01:30 --> Session: Class initialized using 'CodeIgniter\Session\Handlers\FileHandler' driver.
INFO - 2025-02-19 09:01:39 --> CSRF token verified.
DEBUG - 2025-02-19 09:13:09 --> Session: Class initialized using 'CodeIgniter\Session\Handlers\FileHandler' driver.
DEBUG - 2025-02-19 09:13:11 --> Session: Class initialized using 'CodeIgniter\Session\Handlers\FileHandler' driver.
INFO - 2025-02-19 09:15:27 --> CSRF token verified.
DEBUG - 2025-02-19 09:18:18 --> Session: Class initialized using 'CodeIgniter\Session\Handlers\FileHandler' driver.
DEBUG - 2025-02-19 09:18:21 --> Session: Class initialized using 'CodeIgniter\Session\Handlers\FileHandler' driver.
INFO - 2025-02-19 09:21:32 --> CSRF token verified.
DEBUG - 2025-02-19 09:23:21 --> Session: Class initialized using 'CodeIgniter\Session\Handlers\FileHandler' driver.
DEBUG - 2025-02-19 09:23:23 --> Session: Class initialized using 'CodeIgniter\Session\Handlers\FileHandler' driver.
INFO - 2025-02-19 09:23:31 --> CSRF token verified.
DEBUG - 2025-02-19 09:23:51 --> Session: Class initialized using 'CodeIgniter\Session\Handlers\FileHandler' driver.
INFO - 2025-02-19 09:24:02 --> CSRF token verified.
DEBUG - 2025-02-19 09:31:15 --> Session: Class initialized using 'CodeIgniter\Session\Handlers\FileHandler' driver.
DEBUG - 2025-02-19 09:31:20 --> Session: Class initialized using 'CodeIgniter\Session\Handlers\FileHandler' driver.
INFO - 2025-02-19 09:31:28 --> CSRF token verified.
DEBUG - 2025-02-19 09:31:33 --> Session: Class initialized using 'CodeIgniter\Session\Handlers\FileHandler' driver.
INFO - 2025-02-19 09:32:06 --> CSRF token verified.
DEBUG - 2025-02-19 09:32:35 --> Session: Class initialized using 'CodeIgniter\Session\Handlers\FileHandler' driver.
DEBUG - 2025-02-19 09:32:37 --> Session: Class initialized using 'CodeIgniter\Session\Handlers\FileHandler' driver.
INFO - 2025-02-19 09:32:47 --> CSRF token verified.
DEBUG - 2025-02-19 09:53:08 --> Session: Class initialized using 'CodeIgniter\Session\Handlers\FileHandler' driver.
DEBUG - 2025-02-19 09:53:11 --> Session: Class initialized using 'CodeIgniter\Session\Handlers\FileHandler' driver.
INFO - 2025-02-19 09:53:20 --> CSRF token verified.
ERROR - 2025-02-19 09:53:24 --> Error connecting to the database: mysqli_sql_exception: No connection could be made because the target machine actively refused it in C:\xampp\htdocs\CI_CRUD_MVC\system\Database\MySQLi\Connection.php:201
Stack trace:
#0 C:\xampp\htdocs\CI_CRUD_MVC\system\Database\MySQLi\Connection.php(201): mysqli->real_connect('localhost', 'root', Object(SensitiveParameterValue), 'edocs', 3306, '', 0)
#1 C:\xampp\htdocs\CI_CRUD_MVC\system\Database\BaseConnection.php(421): CodeIgniter\Database\MySQLi\Connection->connect(false)
#2 C:\xampp\htdocs\CI_CRUD_MVC\system\Database\BaseConnection.php(620): CodeIgniter\Database\BaseConnection->initialize()
#3 C:\xampp\htdocs\CI_CRUD_MVC\system\Database\BaseBuilder.php(1649): CodeIgniter\Database\BaseConnection->query('SELECT *\nFROM `...', Array, false)
#4 C:\xampp\htdocs\CI_CRUD_MVC\system\Model.php(330): CodeIgniter\Database\BaseBuilder->get()
#5 C:\xampp\htdocs\CI_CRUD_MVC\system\BaseModel.php(713): CodeIgniter\Model->doFirst()
#6 C:\xampp\htdocs\CI_CRUD_MVC\app\Models\AuthModel.php(19): CodeIgniter\BaseModel->first()
#7 C:\xampp\htdocs\CI_CRUD_MVC\app\Controllers\FormController.php(84): App\Models\AuthModel->getUsers('DanTechx')
#8 C:\xampp\htdocs\CI_CRUD_MVC\system\CodeIgniter.php(933): App\Controllers\FormController->login()
#9 C:\xampp\htdocs\CI_CRUD_MVC\system\CodeIgniter.php(507): CodeIgniter\CodeIgniter->runController(Object(App\Controllers\FormController))
#10 C:\xampp\htdocs\CI_CRUD_MVC\system\CodeIgniter.php(354): CodeIgniter\CodeIgniter->handleRequest(NULL, Object(Config\Cache), false)
#11 C:\xampp\htdocs\CI_CRUD_MVC\system\Boot.php(334): CodeIgniter\CodeIgniter->run()
#12 C:\xampp\htdocs\CI_CRUD_MVC\system\Boot.php(67): CodeIgniter\Boot::runCodeIgniter(Object(CodeIgniter\CodeIgniter))
#13 C:\xampp\htdocs\CI_CRUD_MVC\public\index.php(56): CodeIgniter\Boot::bootWeb(Object(Config\Paths))
#14 C:\xampp\htdocs\CI_CRUD_MVC\system\rewrite.php(44): require_once('C:\\xampp\\htdocs...')
#15 {main}

Next CodeIgniter\Database\Exceptions\DatabaseException: No connection could be made because the target machine actively refused it in C:\xampp\htdocs\CI_CRUD_MVC\system\Database\MySQLi\Connection.php:246
Stack trace:
#0 C:\xampp\htdocs\CI_CRUD_MVC\system\Database\BaseConnection.php(421): CodeIgniter\Database\MySQLi\Connection->connect(false)
#1 C:\xampp\htdocs\CI_CRUD_MVC\system\Database\BaseConnection.php(620): CodeIgniter\Database\BaseConnection->initialize()
#2 C:\xampp\htdocs\CI_CRUD_MVC\system\Database\BaseBuilder.php(1649): CodeIgniter\Database\BaseConnection->query('SELECT *\nFROM `...', Array, false)
#3 C:\xampp\htdocs\CI_CRUD_MVC\system\Model.php(330): CodeIgniter\Database\BaseBuilder->get()
#4 C:\xampp\htdocs\CI_CRUD_MVC\system\BaseModel.php(713): CodeIgniter\Model->doFirst()
#5 C:\xampp\htdocs\CI_CRUD_MVC\app\Models\AuthModel.php(19): CodeIgniter\BaseModel->first()
#6 C:\xampp\htdocs\CI_CRUD_MVC\app\Controllers\FormController.php(84): App\Models\AuthModel->getUsers('DanTechx')
#7 C:\xampp\htdocs\CI_CRUD_MVC\system\CodeIgniter.php(933): App\Controllers\FormController->login()
#8 C:\xampp\htdocs\CI_CRUD_MVC\system\CodeIgniter.php(507): CodeIgniter\CodeIgniter->runController(Object(App\Controllers\FormController))
#9 C:\xampp\htdocs\CI_CRUD_MVC\system\CodeIgniter.php(354): CodeIgniter\CodeIgniter->handleRequest(NULL, Object(Config\Cache), false)
#10 C:\xampp\htdocs\CI_CRUD_MVC\system\Boot.php(334): CodeIgniter\CodeIgniter->run()
#11 C:\xampp\htdocs\CI_CRUD_MVC\system\Boot.php(67): CodeIgniter\Boot::runCodeIgniter(Object(CodeIgniter\CodeIgniter))
#12 C:\xampp\htdocs\CI_CRUD_MVC\public\index.php(56): CodeIgniter\Boot::bootWeb(Object(Config\Paths))
#13 C:\xampp\htdocs\CI_CRUD_MVC\system\rewrite.php(44): require_once('C:\\xampp\\htdocs...')
#14 {main}
CRITICAL - 2025-02-19 09:53:24 --> CodeIgniter\Database\Exceptions\DatabaseException: Unable to connect to the database.
Main connection [MySQLi]: No connection could be made because the target machine actively refused it
[Method: POST, Route: forms/login]
in SYSTEMPATH\Database\BaseConnection.php on line 467.
 1 SYSTEMPATH\Database\BaseConnection.php(620): CodeIgniter\Database\BaseConnection->initialize()
 2 SYSTEMPATH\Database\BaseBuilder.php(1649): CodeIgniter\Database\BaseConnection->query('SELECT *
FROM `auth`
WHERE `username` = :username:
 LIMIT 1', [...], false)
 3 SYSTEMPATH\Model.php(330): CodeIgniter\Database\BaseBuilder->get()
 4 SYSTEMPATH\BaseModel.php(713): CodeIgniter\Model->doFirst()
 5 APPPATH\Models\AuthModel.php(19): CodeIgniter\BaseModel->first()
 6 APPPATH\Controllers\FormController.php(84): App\Models\AuthModel->getUsers('DanTechx')
 7 SYSTEMPATH\CodeIgniter.php(933): App\Controllers\FormController->login()
 8 SYSTEMPATH\CodeIgniter.php(507): CodeIgniter\CodeIgniter->runController(Object(App\Controllers\FormController))
 9 SYSTEMPATH\CodeIgniter.php(354): CodeIgniter\CodeIgniter->handleRequest(null, Object(Config\Cache), false)
10 SYSTEMPATH\Boot.php(334): CodeIgniter\CodeIgniter->run()
11 SYSTEMPATH\Boot.php(67): CodeIgniter\Boot::runCodeIgniter(Object(CodeIgniter\CodeIgniter))
12 FCPATH\index.php(56): CodeIgniter\Boot::bootWeb(Object(Config\Paths))
13 SYSTEMPATH\rewrite.php(44): require_once('C:\\xampp\\htdocs\\CI_CRUD_MVC\\public\\index.php')
DEBUG - 2025-02-19 09:54:02 --> Session: Class initialized using 'CodeIgniter\Session\Handlers\FileHandler' driver.
INFO - 2025-02-19 09:54:12 --> CSRF token verified.
CRITICAL - 2025-02-19 09:54:12 --> CodeIgniter\View\Exceptions\ViewException: Invalid file: "template/footer.php"
[Method: POST, Route: forms/login]
in SYSTEMPATH\Exceptions\FrameworkException.php on line 39.
 1 SYSTEMPATH\View\View.php(212): CodeIgniter\Exceptions\FrameworkException::forInvalidFile('template/footer.php')
 2 SYSTEMPATH\Common.php(1173): CodeIgniter\View\View->render('template/footer', [], true)
 3 APPPATH\Controllers\FormController.php(101): view('template/footer')
 4 SYSTEMPATH\CodeIgniter.php(933): App\Controllers\FormController->login()
 5 SYSTEMPATH\CodeIgniter.php(507): CodeIgniter\CodeIgniter->runController(Object(App\Controllers\FormController))
 6 SYSTEMPATH\CodeIgniter.php(354): CodeIgniter\CodeIgniter->handleRequest(null, Object(Config\Cache), false)
 7 SYSTEMPATH\Boot.php(334): CodeIgniter\CodeIgniter->run()
 8 SYSTEMPATH\Boot.php(67): CodeIgniter\Boot::runCodeIgniter(Object(CodeIgniter\CodeIgniter))
 9 FCPATH\index.php(56): CodeIgniter\Boot::bootWeb(Object(Config\Paths))
10 SYSTEMPATH\rewrite.php(44): require_once('C:\\xampp\\htdocs\\CI_CRUD_MVC\\public\\index.php')
DEBUG - 2025-02-19 09:54:38 --> Session: Class initialized using 'CodeIgniter\Session\Handlers\FileHandler' driver.
INFO - 2025-02-19 09:54:47 --> CSRF token verified.
DEBUG - 2025-02-19 09:56:56 --> Session: Class initialized using 'CodeIgniter\Session\Handlers\FileHandler' driver.
INFO - 2025-02-19 09:57:21 --> CSRF token verified.
DEBUG - 2025-02-19 09:59:34 --> Session: Class initialized using 'CodeIgniter\Session\Handlers\FileHandler' driver.
INFO - 2025-02-19 09:59:49 --> CSRF token verified.
DEBUG - 2025-02-19 10:02:32 --> Session: Class initialized using 'CodeIgniter\Session\Handlers\FileHandler' driver.
INFO - 2025-02-19 10:02:39 --> CSRF token verified.
CRITICAL - 2025-02-19 10:02:39 --> CodeIgniter\View\Exceptions\ViewException: Invalid file: "/EDMS.php"
[Method: POST, Route: forms/login]
in SYSTEMPATH\Exceptions\FrameworkException.php on line 39.
 1 SYSTEMPATH\View\View.php(212): CodeIgniter\Exceptions\FrameworkException::forInvalidFile('/EDMS.php')
 2 SYSTEMPATH\Common.php(1173): CodeIgniter\View\View->render('/EDMS', [], true)
 3 APPPATH\Controllers\FormController.php(100): view('/EDMS')
 4 SYSTEMPATH\CodeIgniter.php(933): App\Controllers\FormController->login()
 5 SYSTEMPATH\CodeIgniter.php(507): CodeIgniter\CodeIgniter->runController(Object(App\Controllers\FormController))
 6 SYSTEMPATH\CodeIgniter.php(354): CodeIgniter\CodeIgniter->handleRequest(null, Object(Config\Cache), false)
 7 SYSTEMPATH\Boot.php(334): CodeIgniter\CodeIgniter->run()
 8 SYSTEMPATH\Boot.php(67): CodeIgniter\Boot::runCodeIgniter(Object(CodeIgniter\CodeIgniter))
 9 FCPATH\index.php(56): CodeIgniter\Boot::bootWeb(Object(Config\Paths))
10 SYSTEMPATH\rewrite.php(44): require_once('C:\\xampp\\htdocs\\CI_CRUD_MVC\\public\\index.php')
DEBUG - 2025-02-19 10:03:17 --> Session: Class initialized using 'CodeIgniter\Session\Handlers\FileHandler' driver.
INFO - 2025-02-19 10:03:22 --> CSRF token verified.
CRITICAL - 2025-02-19 10:03:22 --> CodeIgniter\View\Exceptions\ViewException: Invalid file: "EDMS/.php"
[Method: POST, Route: forms/login]
in SYSTEMPATH\Exceptions\FrameworkException.php on line 39.
 1 SYSTEMPATH\View\View.php(212): CodeIgniter\Exceptions\FrameworkException::forInvalidFile('EDMS/.php')
 2 SYSTEMPATH\Common.php(1173): CodeIgniter\View\View->render('EDMS/', [], true)
 3 APPPATH\Controllers\FormController.php(100): view('EDMS/')
 4 SYSTEMPATH\CodeIgniter.php(933): App\Controllers\FormController->login()
 5 SYSTEMPATH\CodeIgniter.php(507): CodeIgniter\CodeIgniter->runController(Object(App\Controllers\FormController))
 6 SYSTEMPATH\CodeIgniter.php(354): CodeIgniter\CodeIgniter->handleRequest(null, Object(Config\Cache), false)
 7 SYSTEMPATH\Boot.php(334): CodeIgniter\CodeIgniter->run()
 8 SYSTEMPATH\Boot.php(67): CodeIgniter\Boot::runCodeIgniter(Object(CodeIgniter\CodeIgniter))
 9 FCPATH\index.php(56): CodeIgniter\Boot::bootWeb(Object(Config\Paths))
10 SYSTEMPATH\rewrite.php(44): require_once('C:\\xampp\\htdocs\\CI_CRUD_MVC\\public\\index.php')
DEBUG - 2025-02-19 10:03:36 --> Session: Class initialized using 'CodeIgniter\Session\Handlers\FileHandler' driver.
INFO - 2025-02-19 10:03:41 --> CSRF token verified.
CRITICAL - 2025-02-19 10:03:41 --> CodeIgniter\View\Exceptions\ViewException: Invalid file: "EDMS/.php"
[Method: POST, Route: forms/login]
in SYSTEMPATH\Exceptions\FrameworkException.php on line 39.
 1 SYSTEMPATH\View\View.php(212): CodeIgniter\Exceptions\FrameworkException::forInvalidFile('EDMS/.php')
 2 SYSTEMPATH\Common.php(1173): CodeIgniter\View\View->render('EDMS/', [], true)
 3 APPPATH\Controllers\FormController.php(100): view('EDMS/')
 4 SYSTEMPATH\CodeIgniter.php(933): App\Controllers\FormController->login()
 5 SYSTEMPATH\CodeIgniter.php(507): CodeIgniter\CodeIgniter->runController(Object(App\Controllers\FormController))
 6 SYSTEMPATH\CodeIgniter.php(354): CodeIgniter\CodeIgniter->handleRequest(null, Object(Config\Cache), false)
 7 SYSTEMPATH\Boot.php(334): CodeIgniter\CodeIgniter->run()
 8 SYSTEMPATH\Boot.php(67): CodeIgniter\Boot::runCodeIgniter(Object(CodeIgniter\CodeIgniter))
 9 FCPATH\index.php(56): CodeIgniter\Boot::bootWeb(Object(Config\Paths))
10 SYSTEMPATH\rewrite.php(44): require_once('C:\\xampp\\htdocs\\CI_CRUD_MVC\\public\\index.php')
DEBUG - 2025-02-19 10:05:37 --> Session: Class initialized using 'CodeIgniter\Session\Handlers\FileHandler' driver.
INFO - 2025-02-19 10:05:45 --> CSRF token verified.
CRITICAL - 2025-02-19 10:05:45 --> CodeIgniter\View\Exceptions\ViewException: Invalid file: "EDMS/.php"
[Method: POST, Route: forms/login]
in SYSTEMPATH\Exceptions\FrameworkException.php on line 39.
 1 SYSTEMPATH\View\View.php(212): CodeIgniter\Exceptions\FrameworkException::forInvalidFile('EDMS/.php')
 2 SYSTEMPATH\Common.php(1173): CodeIgniter\View\View->render('EDMS/', [], true)
 3 APPPATH\Controllers\FormController.php(100): view('EDMS/')
 4 SYSTEMPATH\CodeIgniter.php(933): App\Controllers\FormController->login()
 5 SYSTEMPATH\CodeIgniter.php(507): CodeIgniter\CodeIgniter->runController(Object(App\Controllers\FormController))
 6 SYSTEMPATH\CodeIgniter.php(354): CodeIgniter\CodeIgniter->handleRequest(null, Object(Config\Cache), false)
 7 SYSTEMPATH\Boot.php(334): CodeIgniter\CodeIgniter->run()
 8 SYSTEMPATH\Boot.php(67): CodeIgniter\Boot::runCodeIgniter(Object(CodeIgniter\CodeIgniter))
 9 FCPATH\index.php(56): CodeIgniter\Boot::bootWeb(Object(Config\Paths))
10 SYSTEMPATH\rewrite.php(44): require_once('C:\\xampp\\htdocs\\CI_CRUD_MVC\\public\\index.php')
DEBUG - 2025-02-19 10:06:15 --> Session: Class initialized using 'CodeIgniter\Session\Handlers\FileHandler' driver.
DEBUG - 2025-02-19 10:06:19 --> Session: Class initialized using 'CodeIgniter\Session\Handlers\FileHandler' driver.
INFO - 2025-02-19 10:06:28 --> CSRF token verified.
DEBUG - 2025-02-19 10:06:40 --> Session: Class initialized using 'CodeIgniter\Session\Handlers\FileHandler' driver.
DEBUG - 2025-02-19 10:06:43 --> Session: Class initialized using 'CodeIgniter\Session\Handlers\FileHandler' driver.
DEBUG - 2025-02-19 10:06:48 --> Session: Class initialized using 'CodeIgniter\Session\Handlers\FileHandler' driver.
INFO - 2025-02-19 10:07:17 --> CSRF token verified.
DEBUG - 2025-02-19 10:11:43 --> Session: Class initialized using 'CodeIgniter\Session\Handlers\FileHandler' driver.
INFO - 2025-02-19 10:11:49 --> CSRF token verified.
DEBUG - 2025-02-19 10:14:19 --> Session: Class initialized using 'CodeIgniter\Session\Handlers\FileHandler' driver.
DEBUG - 2025-02-19 10:14:21 --> Session: Class initialized using 'CodeIgniter\Session\Handlers\FileHandler' driver.
INFO - 2025-02-19 10:14:28 --> CSRF token verified.
DEBUG - 2025-02-19 10:31:54 --> Session: Class initialized using 'CodeIgniter\Session\Handlers\FileHandler' driver.
INFO - 2025-02-19 10:32:02 --> CSRF token verified.
DEBUG - 2025-02-19 10:32:02 --> Session: Class initialized using 'CodeIgniter\Session\Handlers\FileHandler' driver.
CRITICAL - 2025-02-19 10:32:02 --> CodeIgniter\HTTP\Exceptions\HTTPException: The route for "http://localhost:8080/EDMS/dashboard" cannot be found.
[Method: POST, Route: forms/login]
in SYSTEMPATH\HTTP\RedirectResponse.php on line 63.
 1 SYSTEMPATH\HTTP\RedirectResponse.php(63): CodeIgniter\HTTP\Exceptions\HTTPException::forInvalidRedirectRoute('http://localhost:8080/EDMS/dashboard')
 2 SYSTEMPATH\Common.php(855): CodeIgniter\HTTP\RedirectResponse->route(false)
 3 APPPATH\Controllers\FormController.php(109): redirect('http://localhost:8080/EDMS/dashboard')
 4 SYSTEMPATH\CodeIgniter.php(933): App\Controllers\FormController->login()
 5 SYSTEMPATH\CodeIgniter.php(507): CodeIgniter\CodeIgniter->runController(Object(App\Controllers\FormController))
 6 SYSTEMPATH\CodeIgniter.php(354): CodeIgniter\CodeIgniter->handleRequest(null, Object(Config\Cache), false)
 7 SYSTEMPATH\Boot.php(334): CodeIgniter\CodeIgniter->run()
 8 SYSTEMPATH\Boot.php(67): CodeIgniter\Boot::runCodeIgniter(Object(CodeIgniter\CodeIgniter))
 9 FCPATH\index.php(56): CodeIgniter\Boot::bootWeb(Object(Config\Paths))
10 SYSTEMPATH\rewrite.php(44): require_once('C:\\xampp\\htdocs\\CI_CRUD_MVC\\public\\index.php')
DEBUG - 2025-02-19 10:32:48 --> Session: Class initialized using 'CodeIgniter\Session\Handlers\FileHandler' driver.
INFO - 2025-02-19 10:32:54 --> CSRF token verified.
DEBUG - 2025-02-19 10:32:54 --> Session: Class initialized using 'CodeIgniter\Session\Handlers\FileHandler' driver.
CRITICAL - 2025-02-19 10:32:54 --> CodeIgniter\HTTP\Exceptions\HTTPException: The route for "http://localhost:8080//EDMS/dashboard" cannot be found.
[Method: POST, Route: forms/login]
in SYSTEMPATH\HTTP\RedirectResponse.php on line 63.
 1 SYSTEMPATH\HTTP\RedirectResponse.php(63): CodeIgniter\HTTP\Exceptions\HTTPException::forInvalidRedirectRoute('http://localhost:8080//EDMS/dashboard')
 2 SYSTEMPATH\Common.php(855): CodeIgniter\HTTP\RedirectResponse->route(false)
 3 APPPATH\Controllers\FormController.php(109): redirect('http://localhost:8080//EDMS/dashboard')
 4 SYSTEMPATH\CodeIgniter.php(933): App\Controllers\FormController->login()
 5 SYSTEMPATH\CodeIgniter.php(507): CodeIgniter\CodeIgniter->runController(Object(App\Controllers\FormController))
 6 SYSTEMPATH\CodeIgniter.php(354): CodeIgniter\CodeIgniter->handleRequest(null, Object(Config\Cache), false)
 7 SYSTEMPATH\Boot.php(334): CodeIgniter\CodeIgniter->run()
 8 SYSTEMPATH\Boot.php(67): CodeIgniter\Boot::runCodeIgniter(Object(CodeIgniter\CodeIgniter))
 9 FCPATH\index.php(56): CodeIgniter\Boot::bootWeb(Object(Config\Paths))
10 SYSTEMPATH\rewrite.php(44): require_once('C:\\xampp\\htdocs\\CI_CRUD_MVC\\public\\index.php')
DEBUG - 2025-02-19 10:33:47 --> Session: Class initialized using 'CodeIgniter\Session\Handlers\FileHandler' driver.
INFO - 2025-02-19 10:33:58 --> CSRF token verified.
DEBUG - 2025-02-19 10:33:58 --> Session: Class initialized using 'CodeIgniter\Session\Handlers\FileHandler' driver.
DEBUG - 2025-02-19 10:34:34 --> Session: Class initialized using 'CodeIgniter\Session\Handlers\FileHandler' driver.
INFO - 2025-02-19 10:34:41 --> CSRF token verified.
DEBUG - 2025-02-19 10:34:41 --> Session: Class initialized using 'CodeIgniter\Session\Handlers\FileHandler' driver.
DEBUG - 2025-02-19 10:35:46 --> Session: Class initialized using 'CodeIgniter\Session\Handlers\FileHandler' driver.
INFO - 2025-02-19 10:35:53 --> CSRF token verified.
DEBUG - 2025-02-19 10:35:53 --> Session: Class initialized using 'CodeIgniter\Session\Handlers\FileHandler' driver.
DEBUG - 2025-02-19 10:37:03 --> Session: Class initialized using 'CodeIgniter\Session\Handlers\FileHandler' driver.
INFO - 2025-02-19 10:37:12 --> CSRF token verified.
DEBUG - 2025-02-19 10:37:12 --> Session: Class initialized using 'CodeIgniter\Session\Handlers\FileHandler' driver.
DEBUG - 2025-02-19 10:37:29 --> Session: Class initialized using 'CodeIgniter\Session\Handlers\FileHandler' driver.
INFO - 2025-02-19 10:37:37 --> CSRF token verified.
DEBUG - 2025-02-19 10:37:37 --> Session: Class initialized using 'CodeIgniter\Session\Handlers\FileHandler' driver.
CRITICAL - 2025-02-19 10:37:37 --> ErrorException: Undefined variable $user
[Method: POST, Route: forms/login]
in APPPATH\Views\EDMS\dashboard.php on line 4.
 1 APPPATH\Views\EDMS\dashboard.php(4): CodeIgniter\Debug\Exceptions->errorHandler(2, 'Undefined variable $user', 'C:\\xampp\\htdocs\\CI_CRUD_MVC\\app\\Views\\EDMS\\dashboard.php', 4)
 2 SYSTEMPATH\View\View.php(224): include('C:\\xampp\\htdocs\\CI_CRUD_MVC\\app\\Views\\EDMS\\dashboard.php')
 3 SYSTEMPATH\View\View.php(227): CodeIgniter\View\View->CodeIgniter\View\{closure}()
 4 SYSTEMPATH\Common.php(1173): CodeIgniter\View\View->render('EDMS/dashboard', [], true)
 5 APPPATH\Controllers\FormController.php(109): view('EDMS/dashboard')
 6 SYSTEMPATH\CodeIgniter.php(933): App\Controllers\FormController->login()
 7 SYSTEMPATH\CodeIgniter.php(507): CodeIgniter\CodeIgniter->runController(Object(App\Controllers\FormController))
 8 SYSTEMPATH\CodeIgniter.php(354): CodeIgniter\CodeIgniter->handleRequest(null, Object(Config\Cache), false)
 9 SYSTEMPATH\Boot.php(334): CodeIgniter\CodeIgniter->run()
10 SYSTEMPATH\Boot.php(67): CodeIgniter\Boot::runCodeIgniter(Object(CodeIgniter\CodeIgniter))
11 FCPATH\index.php(56): CodeIgniter\Boot::bootWeb(Object(Config\Paths))
12 SYSTEMPATH\rewrite.php(44): require_once('C:\\xampp\\htdocs\\CI_CRUD_MVC\\public\\index.php')
DEBUG - 2025-02-19 10:38:30 --> Session: Class initialized using 'CodeIgniter\Session\Handlers\FileHandler' driver.
INFO - 2025-02-19 10:38:37 --> CSRF token verified.
DEBUG - 2025-02-19 10:38:37 --> Session: Class initialized using 'CodeIgniter\Session\Handlers\FileHandler' driver.
DEBUG - 2025-02-19 11:17:23 --> Session: Class initialized using 'CodeIgniter\Session\Handlers\FileHandler' driver.
INFO - 2025-02-19 11:17:39 --> CSRF token verified.
DEBUG - 2025-02-19 11:17:39 --> Session: Class initialized using 'CodeIgniter\Session\Handlers\FileHandler' driver.
DEBUG - 2025-02-19 11:59:47 --> Session: Class initialized using 'CodeIgniter\Session\Handlers\FileHandler' driver.
INFO - 2025-02-19 12:00:00 --> CSRF token verified.
DEBUG - 2025-02-19 12:00:00 --> Session: Class initialized using 'CodeIgniter\Session\Handlers\FileHandler' driver.
DEBUG - 2025-02-19 12:01:01 --> Session: Class initialized using 'CodeIgniter\Session\Handlers\FileHandler' driver.
INFO - 2025-02-19 12:01:08 --> CSRF token verified.
DEBUG - 2025-02-19 12:01:08 --> Session: Class initialized using 'CodeIgniter\Session\Handlers\FileHandler' driver.
CRITICAL - 2025-02-19 12:01:08 --> ErrorException: Undefined variable $title
[Method: POST, Route: forms/login]
in APPPATH\Views\templates\header.php on line 4.
 1 APPPATH\Views\templates\header.php(4): CodeIgniter\Debug\Exceptions->errorHandler(2, 'Undefined variable $title', 'C:\\xampp\\htdocs\\CI_CRUD_MVC\\app\\Views\\templates\\header.php', 4)
 2 SYSTEMPATH\View\View.php(224): include('C:\\xampp\\htdocs\\CI_CRUD_MVC\\app\\Views\\templates\\header.php')
 3 SYSTEMPATH\View\View.php(227): CodeIgniter\View\View->CodeIgniter\View\{closure}()
 4 SYSTEMPATH\Common.php(1173): CodeIgniter\View\View->render('templates/header', [], true)
 5 APPPATH\Controllers\FormController.php(109): view('templates/header')
 6 SYSTEMPATH\CodeIgniter.php(933): App\Controllers\FormController->login()
 7 SYSTEMPATH\CodeIgniter.php(507): CodeIgniter\CodeIgniter->runController(Object(App\Controllers\FormController))
 8 SYSTEMPATH\CodeIgniter.php(354): CodeIgniter\CodeIgniter->handleRequest(null, Object(Config\Cache), false)
 9 SYSTEMPATH\Boot.php(334): CodeIgniter\CodeIgniter->run()
10 SYSTEMPATH\Boot.php(67): CodeIgniter\Boot::runCodeIgniter(Object(CodeIgniter\CodeIgniter))
11 FCPATH\index.php(56): CodeIgniter\Boot::bootWeb(Object(Config\Paths))
12 SYSTEMPATH\rewrite.php(44): require_once('C:\\xampp\\htdocs\\CI_CRUD_MVC\\public\\index.php')
DEBUG - 2025-02-19 12:01:28 --> Session: Class initialized using 'CodeIgniter\Session\Handlers\FileHandler' driver.
INFO - 2025-02-19 12:01:36 --> CSRF token verified.
DEBUG - 2025-02-19 12:01:36 --> Session: Class initialized using 'CodeIgniter\Session\Handlers\FileHandler' driver.
CRITICAL - 2025-02-19 12:01:36 --> ErrorException: Undefined variable $title
[Method: POST, Route: forms/login]
in APPPATH\Views\templates\header.php on line 4.
 1 APPPATH\Views\templates\header.php(4): CodeIgniter\Debug\Exceptions->errorHandler(2, 'Undefined variable $title', 'C:\\xampp\\htdocs\\CI_CRUD_MVC\\app\\Views\\templates\\header.php', 4)
 2 SYSTEMPATH\View\View.php(224): include('C:\\xampp\\htdocs\\CI_CRUD_MVC\\app\\Views\\templates\\header.php')
 3 SYSTEMPATH\View\View.php(227): CodeIgniter\View\View->CodeIgniter\View\{closure}()
 4 SYSTEMPATH\Common.php(1173): CodeIgniter\View\View->render('templates/header', [], true)
 5 APPPATH\Controllers\FormController.php(109): view('templates/header')
 6 SYSTEMPATH\CodeIgniter.php(933): App\Controllers\FormController->login()
 7 SYSTEMPATH\CodeIgniter.php(507): CodeIgniter\CodeIgniter->runController(Object(App\Controllers\FormController))
 8 SYSTEMPATH\CodeIgniter.php(354): CodeIgniter\CodeIgniter->handleRequest(null, Object(Config\Cache), false)
 9 SYSTEMPATH\Boot.php(334): CodeIgniter\CodeIgniter->run()
10 SYSTEMPATH\Boot.php(67): CodeIgniter\Boot::runCodeIgniter(Object(CodeIgniter\CodeIgniter))
11 FCPATH\index.php(56): CodeIgniter\Boot::bootWeb(Object(Config\Paths))
12 SYSTEMPATH\rewrite.php(44): require_once('C:\\xampp\\htdocs\\CI_CRUD_MVC\\public\\index.php')
DEBUG - 2025-02-19 12:02:23 --> Session: Class initialized using 'CodeIgniter\Session\Handlers\FileHandler' driver.
INFO - 2025-02-19 12:02:29 --> CSRF token verified.
DEBUG - 2025-02-19 12:02:30 --> Session: Class initialized using 'CodeIgniter\Session\Handlers\FileHandler' driver.
DEBUG - 2025-02-19 12:13:30 --> Session: Class initialized using 'CodeIgniter\Session\Handlers\FileHandler' driver.
DEBUG - 2025-02-19 12:13:34 --> Session: Class initialized using 'CodeIgniter\Session\Handlers\FileHandler' driver.
INFO - 2025-02-19 12:13:44 --> CSRF token verified.
DEBUG - 2025-02-19 12:13:44 --> Session: Class initialized using 'CodeIgniter\Session\Handlers\FileHandler' driver.
DEBUG - 2025-02-19 12:14:22 --> Session: Class initialized using 'CodeIgniter\Session\Handlers\FileHandler' driver.
DEBUG - 2025-02-19 12:14:36 --> Session: Class initialized using 'CodeIgniter\Session\Handlers\FileHandler' driver.
INFO - 2025-02-19 12:14:55 --> CSRF token verified.
DEBUG - 2025-02-19 12:14:55 --> Session: Class initialized using 'CodeIgniter\Session\Handlers\FileHandler' driver.
CRITICAL - 2025-02-19 12:14:55 --> CodeIgniter\View\Exceptions\ViewException: Invalid file: "http://localhost:8080/edms/dashboard.php"
[Method: POST, Route: forms/login]
in SYSTEMPATH\Exceptions\FrameworkException.php on line 39.
 1 SYSTEMPATH\View\View.php(212): CodeIgniter\Exceptions\FrameworkException::forInvalidFile('http://localhost:8080/edms/dashboard.php')
 2 SYSTEMPATH\Common.php(1173): CodeIgniter\View\View->render('http://localhost:8080/edms/dashboard', [], true)
 3 APPPATH\Controllers\FormController.php(110): view('http://localhost:8080/edms/dashboard')
 4 SYSTEMPATH\CodeIgniter.php(933): App\Controllers\FormController->login()
 5 SYSTEMPATH\CodeIgniter.php(507): CodeIgniter\CodeIgniter->runController(Object(App\Controllers\FormController))
 6 SYSTEMPATH\CodeIgniter.php(354): CodeIgniter\CodeIgniter->handleRequest(null, Object(Config\Cache), false)
 7 SYSTEMPATH\Boot.php(334): CodeIgniter\CodeIgniter->run()
 8 SYSTEMPATH\Boot.php(67): CodeIgniter\Boot::runCodeIgniter(Object(CodeIgniter\CodeIgniter))
 9 FCPATH\index.php(56): CodeIgniter\Boot::bootWeb(Object(Config\Paths))
10 SYSTEMPATH\rewrite.php(44): require_once('C:\\xampp\\htdocs\\CI_CRUD_MVC\\public\\index.php')
DEBUG - 2025-02-19 12:17:02 --> Session: Class initialized using 'CodeIgniter\Session\Handlers\FileHandler' driver.
INFO - 2025-02-19 12:17:07 --> CSRF token verified.
DEBUG - 2025-02-19 12:17:07 --> Session: Class initialized using 'CodeIgniter\Session\Handlers\FileHandler' driver.
DEBUG - 2025-02-19 12:21:58 --> Session: Class initialized using 'CodeIgniter\Session\Handlers\FileHandler' driver.
INFO - 2025-02-19 12:22:02 --> CSRF token verified.
DEBUG - 2025-02-19 12:22:02 --> Session: Class initialized using 'CodeIgniter\Session\Handlers\FileHandler' driver.
CRITICAL - 2025-02-19 12:22:02 --> ErrorException: Undefined variable $title
[Method: POST, Route: forms/login]
in APPPATH\Views\templates\header.php on line 4.
 1 APPPATH\Views\templates\header.php(4): CodeIgniter\Debug\Exceptions->errorHandler(2, 'Undefined variable $title', 'C:\\xampp\\htdocs\\CI_CRUD_MVC\\app\\Views\\templates\\header.php', 4)
 2 SYSTEMPATH\View\View.php(224): include('C:\\xampp\\htdocs\\CI_CRUD_MVC\\app\\Views\\templates\\header.php')
 3 SYSTEMPATH\View\View.php(227): CodeIgniter\View\View->CodeIgniter\View\{closure}()
 4 SYSTEMPATH\Common.php(1173): CodeIgniter\View\View->render('templates/header', [], true)
 5 APPPATH\Controllers\FormController.php(73): view('templates/header')
 6 APPPATH\Controllers\FormController.php(113): App\Controllers\FormController->dashboard([...])
 7 SYSTEMPATH\CodeIgniter.php(933): App\Controllers\FormController->login()
 8 SYSTEMPATH\CodeIgniter.php(507): CodeIgniter\CodeIgniter->runController(Object(App\Controllers\FormController))
 9 SYSTEMPATH\CodeIgniter.php(354): CodeIgniter\CodeIgniter->handleRequest(null, Object(Config\Cache), false)
10 SYSTEMPATH\Boot.php(334): CodeIgniter\CodeIgniter->run()
11 SYSTEMPATH\Boot.php(67): CodeIgniter\Boot::runCodeIgniter(Object(CodeIgniter\CodeIgniter))
12 FCPATH\index.php(56): CodeIgniter\Boot::bootWeb(Object(Config\Paths))
13 SYSTEMPATH\rewrite.php(44): require_once('C:\\xampp\\htdocs\\CI_CRUD_MVC\\public\\index.php')
DEBUG - 2025-02-19 12:24:56 --> Session: Class initialized using 'CodeIgniter\Session\Handlers\FileHandler' driver.
INFO - 2025-02-19 12:25:00 --> CSRF token verified.
DEBUG - 2025-02-19 12:25:00 --> Session: Class initialized using 'CodeIgniter\Session\Handlers\FileHandler' driver.
DEBUG - 2025-02-19 12:27:01 --> Session: Class initialized using 'CodeIgniter\Session\Handlers\FileHandler' driver.
INFO - 2025-02-19 12:27:05 --> CSRF token verified.
DEBUG - 2025-02-19 12:27:05 --> Session: Class initialized using 'CodeIgniter\Session\Handlers\FileHandler' driver.
DEBUG - 2025-02-19 12:29:28 --> Session: Class initialized using 'CodeIgniter\Session\Handlers\FileHandler' driver.
CRITICAL - 2025-02-19 12:29:28 --> ErrorException: Undefined array key "username"
[Method: GET, Route: forms/login]
in APPPATH\Controllers\FormController.php on line 97.
 1 APPPATH\Controllers\FormController.php(97): CodeIgniter\Debug\Exceptions->errorHandler(2, 'Undefined array key "username"', 'C:\\xampp\\htdocs\\CI_CRUD_MVC\\app\\Controllers\\FormController.php', 97)
 2 SYSTEMPATH\CodeIgniter.php(933): App\Controllers\FormController->login()
 3 SYSTEMPATH\CodeIgniter.php(507): CodeIgniter\CodeIgniter->runController(Object(App\Controllers\FormController))
 4 SYSTEMPATH\CodeIgniter.php(354): CodeIgniter\CodeIgniter->handleRequest(null, Object(Config\Cache), false)
 5 SYSTEMPATH\Boot.php(334): CodeIgniter\CodeIgniter->run()
 6 SYSTEMPATH\Boot.php(67): CodeIgniter\Boot::runCodeIgniter(Object(CodeIgniter\CodeIgniter))
 7 FCPATH\index.php(56): CodeIgniter\Boot::bootWeb(Object(Config\Paths))
 8 SYSTEMPATH\rewrite.php(44): require_once('C:\\xampp\\htdocs\\CI_CRUD_MVC\\public\\index.php')
DEBUG - 2025-02-19 12:30:35 --> Session: Class initialized using 'CodeIgniter\Session\Handlers\FileHandler' driver.
DEBUG - 2025-02-19 12:35:04 --> Session: Class initialized using 'CodeIgniter\Session\Handlers\FileHandler' driver.
DEBUG - 2025-02-19 12:35:07 --> Session: Class initialized using 'CodeIgniter\Session\Handlers\FileHandler' driver.
DEBUG - 2025-02-19 12:37:30 --> Session: Class initialized using 'CodeIgniter\Session\Handlers\FileHandler' driver.
DEBUG - 2025-02-19 12:37:33 --> Session: Class initialized using 'CodeIgniter\Session\Handlers\FileHandler' driver.
INFO - 2025-02-19 12:37:39 --> CSRF token verified.
DEBUG - 2025-02-19 12:37:39 --> Session: Class initialized using 'CodeIgniter\Session\Handlers\FileHandler' driver.
DEBUG - 2025-02-19 12:39:18 --> Session: Class initialized using 'CodeIgniter\Session\Handlers\FileHandler' driver.
DEBUG - 2025-02-19 12:39:21 --> Session: Class initialized using 'CodeIgniter\Session\Handlers\FileHandler' driver.
INFO - 2025-02-19 12:39:28 --> CSRF token verified.
DEBUG - 2025-02-19 12:39:28 --> Session: Class initialized using 'CodeIgniter\Session\Handlers\FileHandler' driver.
DEBUG - 2025-02-19 12:42:38 --> Session: Class initialized using 'CodeIgniter\Session\Handlers\FileHandler' driver.
DEBUG - 2025-02-19 12:42:43 --> Session: Class initialized using 'CodeIgniter\Session\Handlers\FileHandler' driver.
INFO - 2025-02-19 12:42:49 --> CSRF token verified.
DEBUG - 2025-02-19 12:42:49 --> Session: Class initialized using 'CodeIgniter\Session\Handlers\FileHandler' driver.
CRITICAL - 2025-02-19 12:42:49 --> ErrorException: Undefined variable $title
[Method: POST, Route: forms/authenticate]
in APPPATH\Views\news\news.php on line 2.
 1 APPPATH\Views\news\news.php(2): CodeIgniter\Debug\Exceptions->errorHandler(2, 'Undefined variable $title', 'C:\\xampp\\htdocs\\CI_CRUD_MVC\\app\\Views\\news\\news.php', 2)
 2 SYSTEMPATH\View\View.php(224): include('C:\\xampp\\htdocs\\CI_CRUD_MVC\\app\\Views\\news\\news.php')
 3 SYSTEMPATH\View\View.php(227): CodeIgniter\View\View->CodeIgniter\View\{closure}()
 4 SYSTEMPATH\Common.php(1173): CodeIgniter\View\View->render('news/news', [], true)
 5 APPPATH\Controllers\FormController.php(88): view('news/news')
 6 SYSTEMPATH\CodeIgniter.php(933): App\Controllers\FormController->authenticate()
 7 SYSTEMPATH\CodeIgniter.php(507): CodeIgniter\CodeIgniter->runController(Object(App\Controllers\FormController))
 8 SYSTEMPATH\CodeIgniter.php(354): CodeIgniter\CodeIgniter->handleRequest(null, Object(Config\Cache), false)
 9 SYSTEMPATH\Boot.php(334): CodeIgniter\CodeIgniter->run()
10 SYSTEMPATH\Boot.php(67): CodeIgniter\Boot::runCodeIgniter(Object(CodeIgniter\CodeIgniter))
11 FCPATH\index.php(56): CodeIgniter\Boot::bootWeb(Object(Config\Paths))
12 SYSTEMPATH\rewrite.php(44): require_once('C:\\xampp\\htdocs\\CI_CRUD_MVC\\public\\index.php')
DEBUG - 2025-02-19 12:43:22 --> Session: Class initialized using 'CodeIgniter\Session\Handlers\FileHandler' driver.
DEBUG - 2025-02-19 12:43:24 --> Session: Class initialized using 'CodeIgniter\Session\Handlers\FileHandler' driver.
INFO - 2025-02-19 12:43:30 --> CSRF token verified.
DEBUG - 2025-02-19 12:43:30 --> Session: Class initialized using 'CodeIgniter\Session\Handlers\FileHandler' driver.
CRITICAL - 2025-02-19 12:43:30 --> ErrorException: Undefined variable $news_list
[Method: POST, Route: forms/authenticate]
in APPPATH\Views\news\news.php on line 16.
 1 APPPATH\Views\news\news.php(16): CodeIgniter\Debug\Exceptions->errorHandler(2, 'Undefined variable $news_list', 'C:\\xampp\\htdocs\\CI_CRUD_MVC\\app\\Views\\news\\news.php', 16)
 2 SYSTEMPATH\View\View.php(224): include('C:\\xampp\\htdocs\\CI_CRUD_MVC\\app\\Views\\news\\news.php')
 3 SYSTEMPATH\View\View.php(227): CodeIgniter\View\View->CodeIgniter\View\{closure}()
 4 SYSTEMPATH\Common.php(1173): CodeIgniter\View\View->render('news/news', [], true)
 5 APPPATH\Controllers\FormController.php(88): view('news/news', [...])
 6 SYSTEMPATH\CodeIgniter.php(933): App\Controllers\FormController->authenticate()
 7 SYSTEMPATH\CodeIgniter.php(507): CodeIgniter\CodeIgniter->runController(Object(App\Controllers\FormController))
 8 SYSTEMPATH\CodeIgniter.php(354): CodeIgniter\CodeIgniter->handleRequest(null, Object(Config\Cache), false)
 9 SYSTEMPATH\Boot.php(334): CodeIgniter\CodeIgniter->run()
10 SYSTEMPATH\Boot.php(67): CodeIgniter\Boot::runCodeIgniter(Object(CodeIgniter\CodeIgniter))
11 FCPATH\index.php(56): CodeIgniter\Boot::bootWeb(Object(Config\Paths))
12 SYSTEMPATH\rewrite.php(44): require_once('C:\\xampp\\htdocs\\CI_CRUD_MVC\\public\\index.php')
DEBUG - 2025-02-19 12:44:10 --> Session: Class initialized using 'CodeIgniter\Session\Handlers\FileHandler' driver.
DEBUG - 2025-02-19 12:44:12 --> Session: Class initialized using 'CodeIgniter\Session\Handlers\FileHandler' driver.
INFO - 2025-02-19 12:44:15 --> CSRF token verified.
DEBUG - 2025-02-19 12:44:15 --> Session: Class initialized using 'CodeIgniter\Session\Handlers\FileHandler' driver.
CRITICAL - 2025-02-19 12:44:15 --> CodeIgniter\View\Exceptions\ViewException: Invalid file: "pages/product.php"
[Method: POST, Route: forms/authenticate]
in SYSTEMPATH\Exceptions\FrameworkException.php on line 39.
 1 SYSTEMPATH\View\View.php(212): CodeIgniter\Exceptions\FrameworkException::forInvalidFile('pages/product.php')
 2 SYSTEMPATH\Common.php(1173): CodeIgniter\View\View->render('pages/product', [], true)
 3 APPPATH\Controllers\FormController.php(88): view('pages/product', [...])
 4 SYSTEMPATH\CodeIgniter.php(933): App\Controllers\FormController->authenticate()
 5 SYSTEMPATH\CodeIgniter.php(507): CodeIgniter\CodeIgniter->runController(Object(App\Controllers\FormController))
 6 SYSTEMPATH\CodeIgniter.php(354): CodeIgniter\CodeIgniter->handleRequest(null, Object(Config\Cache), false)
 7 SYSTEMPATH\Boot.php(334): CodeIgniter\CodeIgniter->run()
 8 SYSTEMPATH\Boot.php(67): CodeIgniter\Boot::runCodeIgniter(Object(CodeIgniter\CodeIgniter))
 9 FCPATH\index.php(56): CodeIgniter\Boot::bootWeb(Object(Config\Paths))
10 SYSTEMPATH\rewrite.php(44): require_once('C:\\xampp\\htdocs\\CI_CRUD_MVC\\public\\index.php')
DEBUG - 2025-02-19 12:44:53 --> Session: Class initialized using 'CodeIgniter\Session\Handlers\FileHandler' driver.
INFO - 2025-02-19 12:44:57 --> CSRF token verified.
DEBUG - 2025-02-19 12:44:57 --> Session: Class initialized using 'CodeIgniter\Session\Handlers\FileHandler' driver.
CRITICAL - 2025-02-19 12:44:57 --> CodeIgniter\View\Exceptions\ViewException: Invalid file: "/products.php"
[Method: POST, Route: forms/authenticate]
in SYSTEMPATH\Exceptions\FrameworkException.php on line 39.
 1 SYSTEMPATH\View\View.php(212): CodeIgniter\Exceptions\FrameworkException::forInvalidFile('/products.php')
 2 SYSTEMPATH\Common.php(1173): CodeIgniter\View\View->render('/products', [], true)
 3 APPPATH\Controllers\FormController.php(88): view('/products', [...])
 4 SYSTEMPATH\CodeIgniter.php(933): App\Controllers\FormController->authenticate()
 5 SYSTEMPATH\CodeIgniter.php(507): CodeIgniter\CodeIgniter->runController(Object(App\Controllers\FormController))
 6 SYSTEMPATH\CodeIgniter.php(354): CodeIgniter\CodeIgniter->handleRequest(null, Object(Config\Cache), false)
 7 SYSTEMPATH\Boot.php(334): CodeIgniter\CodeIgniter->run()
 8 SYSTEMPATH\Boot.php(67): CodeIgniter\Boot::runCodeIgniter(Object(CodeIgniter\CodeIgniter))
 9 FCPATH\index.php(56): CodeIgniter\Boot::bootWeb(Object(Config\Paths))
10 SYSTEMPATH\rewrite.php(44): require_once('C:\\xampp\\htdocs\\CI_CRUD_MVC\\public\\index.php')
DEBUG - 2025-02-19 12:45:14 --> Session: Class initialized using 'CodeIgniter\Session\Handlers\FileHandler' driver.
INFO - 2025-02-19 12:45:17 --> CSRF token verified.
DEBUG - 2025-02-19 12:45:17 --> Session: Class initialized using 'CodeIgniter\Session\Handlers\FileHandler' driver.
CRITICAL - 2025-02-19 12:45:17 --> CodeIgniter\View\Exceptions\ViewException: Invalid file: "products/.php"
[Method: POST, Route: forms/authenticate]
in SYSTEMPATH\Exceptions\FrameworkException.php on line 39.
 1 SYSTEMPATH\View\View.php(212): CodeIgniter\Exceptions\FrameworkException::forInvalidFile('products/.php')
 2 SYSTEMPATH\Common.php(1173): CodeIgniter\View\View->render('products/', [], true)
 3 APPPATH\Controllers\FormController.php(88): view('products/', [...])
 4 SYSTEMPATH\CodeIgniter.php(933): App\Controllers\FormController->authenticate()
 5 SYSTEMPATH\CodeIgniter.php(507): CodeIgniter\CodeIgniter->runController(Object(App\Controllers\FormController))
 6 SYSTEMPATH\CodeIgniter.php(354): CodeIgniter\CodeIgniter->handleRequest(null, Object(Config\Cache), false)
 7 SYSTEMPATH\Boot.php(334): CodeIgniter\CodeIgniter->run()
 8 SYSTEMPATH\Boot.php(67): CodeIgniter\Boot::runCodeIgniter(Object(CodeIgniter\CodeIgniter))
 9 FCPATH\index.php(56): CodeIgniter\Boot::bootWeb(Object(Config\Paths))
10 SYSTEMPATH\rewrite.php(44): require_once('C:\\xampp\\htdocs\\CI_CRUD_MVC\\public\\index.php')
DEBUG - 2025-02-19 12:47:45 --> Session: Class initialized using 'CodeIgniter\Session\Handlers\FileHandler' driver.
INFO - 2025-02-19 12:47:46 --> CSRF token verified.
DEBUG - 2025-02-19 12:47:46 --> Session: Class initialized using 'CodeIgniter\Session\Handlers\FileHandler' driver.
CRITICAL - 2025-02-19 12:47:46 --> CodeIgniter\View\Exceptions\ViewException: Invalid file: "products.php"
[Method: POST, Route: forms/authenticate]
in SYSTEMPATH\Exceptions\FrameworkException.php on line 39.
 1 SYSTEMPATH\View\View.php(212): CodeIgniter\Exceptions\FrameworkException::forInvalidFile('products.php')
 2 SYSTEMPATH\Common.php(1173): CodeIgniter\View\View->render('products', [], true)
 3 APPPATH\Controllers\FormController.php(88): view('products', [...])
 4 SYSTEMPATH\CodeIgniter.php(933): App\Controllers\FormController->authenticate()
 5 SYSTEMPATH\CodeIgniter.php(507): CodeIgniter\CodeIgniter->runController(Object(App\Controllers\FormController))
 6 SYSTEMPATH\CodeIgniter.php(354): CodeIgniter\CodeIgniter->handleRequest(null, Object(Config\Cache), false)
 7 SYSTEMPATH\Boot.php(334): CodeIgniter\CodeIgniter->run()
 8 SYSTEMPATH\Boot.php(67): CodeIgniter\Boot::runCodeIgniter(Object(CodeIgniter\CodeIgniter))
 9 FCPATH\index.php(56): CodeIgniter\Boot::bootWeb(Object(Config\Paths))
10 SYSTEMPATH\rewrite.php(44): require_once('C:\\xampp\\htdocs\\CI_CRUD_MVC\\public\\index.php')
DEBUG - 2025-02-19 12:47:57 --> Session: Class initialized using 'CodeIgniter\Session\Handlers\FileHandler' driver.
DEBUG - 2025-02-19 12:48:01 --> Session: Class initialized using 'CodeIgniter\Session\Handlers\FileHandler' driver.
INFO - 2025-02-19 12:48:03 --> CSRF token verified.
DEBUG - 2025-02-19 12:48:03 --> Session: Class initialized using 'CodeIgniter\Session\Handlers\FileHandler' driver.
CRITICAL - 2025-02-19 12:48:03 --> CodeIgniter\View\Exceptions\ViewException: Invalid file: "/products.php"
[Method: POST, Route: forms/authenticate]
in SYSTEMPATH\Exceptions\FrameworkException.php on line 39.
 1 SYSTEMPATH\View\View.php(212): CodeIgniter\Exceptions\FrameworkException::forInvalidFile('/products.php')
 2 SYSTEMPATH\Common.php(1173): CodeIgniter\View\View->render('/products', [], true)
 3 APPPATH\Controllers\FormController.php(88): view('/products', [...])
 4 SYSTEMPATH\CodeIgniter.php(933): App\Controllers\FormController->authenticate()
 5 SYSTEMPATH\CodeIgniter.php(507): CodeIgniter\CodeIgniter->runController(Object(App\Controllers\FormController))
 6 SYSTEMPATH\CodeIgniter.php(354): CodeIgniter\CodeIgniter->handleRequest(null, Object(Config\Cache), false)
 7 SYSTEMPATH\Boot.php(334): CodeIgniter\CodeIgniter->run()
 8 SYSTEMPATH\Boot.php(67): CodeIgniter\Boot::runCodeIgniter(Object(CodeIgniter\CodeIgniter))
 9 FCPATH\index.php(56): CodeIgniter\Boot::bootWeb(Object(Config\Paths))
10 SYSTEMPATH\rewrite.php(44): require_once('C:\\xampp\\htdocs\\CI_CRUD_MVC\\public\\index.php')
DEBUG - 2025-02-19 12:48:29 --> Session: Class initialized using 'CodeIgniter\Session\Handlers\FileHandler' driver.
INFO - 2025-02-19 12:48:33 --> CSRF token verified.
DEBUG - 2025-02-19 12:48:33 --> Session: Class initialized using 'CodeIgniter\Session\Handlers\FileHandler' driver.
CRITICAL - 2025-02-19 12:48:33 --> CodeIgniter\View\Exceptions\ViewException: Invalid file: "../products.php"
[Method: POST, Route: forms/authenticate]
in SYSTEMPATH\Exceptions\FrameworkException.php on line 39.
 1 SYSTEMPATH\View\View.php(212): CodeIgniter\Exceptions\FrameworkException::forInvalidFile('../products.php')
 2 SYSTEMPATH\Common.php(1173): CodeIgniter\View\View->render('../products', [], true)
 3 APPPATH\Controllers\FormController.php(88): view('../products', [...])
 4 SYSTEMPATH\CodeIgniter.php(933): App\Controllers\FormController->authenticate()
 5 SYSTEMPATH\CodeIgniter.php(507): CodeIgniter\CodeIgniter->runController(Object(App\Controllers\FormController))
 6 SYSTEMPATH\CodeIgniter.php(354): CodeIgniter\CodeIgniter->handleRequest(null, Object(Config\Cache), false)
 7 SYSTEMPATH\Boot.php(334): CodeIgniter\CodeIgniter->run()
 8 SYSTEMPATH\Boot.php(67): CodeIgniter\Boot::runCodeIgniter(Object(CodeIgniter\CodeIgniter))
 9 FCPATH\index.php(56): CodeIgniter\Boot::bootWeb(Object(Config\Paths))
10 SYSTEMPATH\rewrite.php(44): require_once('C:\\xampp\\htdocs\\CI_CRUD_MVC\\public\\index.php')
DEBUG - 2025-02-19 12:48:58 --> Session: Class initialized using 'CodeIgniter\Session\Handlers\FileHandler' driver.
INFO - 2025-02-19 12:49:00 --> CSRF token verified.
DEBUG - 2025-02-19 12:49:00 --> Session: Class initialized using 'CodeIgniter\Session\Handlers\FileHandler' driver.
CRITICAL - 2025-02-19 12:49:00 --> CodeIgniter\View\Exceptions\ViewException: Invalid file: "http://localhost:8080/products.php"
[Method: POST, Route: forms/authenticate]
in SYSTEMPATH\Exceptions\FrameworkException.php on line 39.
 1 SYSTEMPATH\View\View.php(212): CodeIgniter\Exceptions\FrameworkException::forInvalidFile('http://localhost:8080/products.php')
 2 SYSTEMPATH\Common.php(1173): CodeIgniter\View\View->render('http://localhost:8080/products', [], true)
 3 APPPATH\Controllers\FormController.php(88): view('http://localhost:8080/products', [...])
 4 SYSTEMPATH\CodeIgniter.php(933): App\Controllers\FormController->authenticate()
 5 SYSTEMPATH\CodeIgniter.php(507): CodeIgniter\CodeIgniter->runController(Object(App\Controllers\FormController))
 6 SYSTEMPATH\CodeIgniter.php(354): CodeIgniter\CodeIgniter->handleRequest(null, Object(Config\Cache), false)
 7 SYSTEMPATH\Boot.php(334): CodeIgniter\CodeIgniter->run()
 8 SYSTEMPATH\Boot.php(67): CodeIgniter\Boot::runCodeIgniter(Object(CodeIgniter\CodeIgniter))
 9 FCPATH\index.php(56): CodeIgniter\Boot::bootWeb(Object(Config\Paths))
10 SYSTEMPATH\rewrite.php(44): require_once('C:\\xampp\\htdocs\\CI_CRUD_MVC\\public\\index.php')
DEBUG - 2025-02-19 12:51:53 --> Session: Class initialized using 'CodeIgniter\Session\Handlers\FileHandler' driver.
DEBUG - 2025-02-19 12:51:56 --> Session: Class initialized using 'CodeIgniter\Session\Handlers\FileHandler' driver.
INFO - 2025-02-19 12:51:58 --> CSRF token verified.
DEBUG - 2025-02-19 12:51:58 --> Session: Class initialized using 'CodeIgniter\Session\Handlers\FileHandler' driver.
CRITICAL - 2025-02-19 12:51:58 --> CodeIgniter\View\Exceptions\ViewException: Invalid file: "http://localhost:8080/products.php"
[Method: POST, Route: forms/authenticate]
in SYSTEMPATH\Exceptions\FrameworkException.php on line 39.
 1 SYSTEMPATH\View\View.php(212): CodeIgniter\Exceptions\FrameworkException::forInvalidFile('http://localhost:8080/products.php')
 2 SYSTEMPATH\Common.php(1173): CodeIgniter\View\View->render('http://localhost:8080/products', [], true)
 3 APPPATH\Controllers\FormController.php(88): view('http://localhost:8080/products', [...])
 4 SYSTEMPATH\CodeIgniter.php(933): App\Controllers\FormController->authenticate()
 5 SYSTEMPATH\CodeIgniter.php(507): CodeIgniter\CodeIgniter->runController(Object(App\Controllers\FormController))
 6 SYSTEMPATH\CodeIgniter.php(354): CodeIgniter\CodeIgniter->handleRequest(null, Object(Config\Cache), false)
 7 SYSTEMPATH\Boot.php(334): CodeIgniter\CodeIgniter->run()
 8 SYSTEMPATH\Boot.php(67): CodeIgniter\Boot::runCodeIgniter(Object(CodeIgniter\CodeIgniter))
 9 FCPATH\index.php(56): CodeIgniter\Boot::bootWeb(Object(Config\Paths))
10 SYSTEMPATH\rewrite.php(44): require_once('C:\\xampp\\htdocs\\CI_CRUD_MVC\\public\\index.php')
DEBUG - 2025-02-19 12:53:55 --> Session: Class initialized using 'CodeIgniter\Session\Handlers\FileHandler' driver.
DEBUG - 2025-02-19 12:54:06 --> Session: Class initialized using 'CodeIgniter\Session\Handlers\FileHandler' driver.
DEBUG - 2025-02-19 12:54:40 --> Session: Class initialized using 'CodeIgniter\Session\Handlers\FileHandler' driver.
DEBUG - 2025-02-19 12:54:47 --> Session: Class initialized using 'CodeIgniter\Session\Handlers\FileHandler' driver.
DEBUG - 2025-02-19 12:55:11 --> Session: Class initialized using 'CodeIgniter\Session\Handlers\FileHandler' driver.
INFO - 2025-02-19 12:55:17 --> CSRF token verified.
DEBUG - 2025-02-19 12:55:17 --> Session: Class initialized using 'CodeIgniter\Session\Handlers\FileHandler' driver.
DEBUG - 2025-02-19 12:59:55 --> Session: Class initialized using 'CodeIgniter\Session\Handlers\FileHandler' driver.
INFO - 2025-02-19 13:00:14 --> CSRF token verified.
DEBUG - 2025-02-19 13:00:14 --> Session: Class initialized using 'CodeIgniter\Session\Handlers\FileHandler' driver.
INFO - 2025-02-19 13:00:27 --> CSRF token verified.
DEBUG - 2025-02-19 13:00:27 --> Session: Class initialized using 'CodeIgniter\Session\Handlers\FileHandler' driver.
DEBUG - 2025-02-19 13:01:29 --> Session: Class initialized using 'CodeIgniter\Session\Handlers\FileHandler' driver.
INFO - 2025-02-19 13:01:49 --> CSRF token verified.
DEBUG - 2025-02-19 13:01:49 --> Session: Class initialized using 'CodeIgniter\Session\Handlers\FileHandler' driver.
INFO - 2025-02-19 13:03:10 --> CSRF token verified.
