CRITICAL - 2025-02-15 13:08:18 --> ErrorException: Undefined variable $title
[Method: GET, Route: news]
in APPPATH\Views\templates\header.php on line 4.
 1 APPPATH\Views\templates\header.php(4): CodeIgniter\Debug\Exceptions->errorHandler(2, 'Undefined variable $title', 'C:\\xampp\\htdocs\\CI_CRUD_MVC\\app\\Views\\templates\\header.php', 4)
 2 SYSTEMPATH\View\View.php(224): include('C:\\xampp\\htdocs\\CI_CRUD_MVC\\app\\Views\\templates\\header.php')
 3 SYSTEMPATH\View\View.php(227): CodeIgniter\View\View->CodeIgniter\View\{closure}()
 4 SYSTEMPATH\Common.php(1173): CodeIgniter\View\View->render('templates/header', [], true)
 5 APPPATH\Controllers\NewsController.php(20): view('templates/header', [...])
 6 SYSTEMPATH\CodeIgniter.php(933): App\Controllers\NewsController->index()
 7 SYSTEMPATH\CodeIgniter.php(507): CodeIgniter\CodeIgniter->runController(Object(App\Controllers\NewsController))
 8 SYSTEMPATH\CodeIgniter.php(354): CodeIgniter\CodeIgniter->handleRequest(null, Object(Config\Cache), false)
 9 SYSTEMPATH\Boot.php(334): CodeIgniter\CodeIgniter->run()
10 SYSTEMPATH\Boot.php(67): CodeIgniter\Boot::runCodeIgniter(Object(CodeIgniter\CodeIgniter))
11 FCPATH\index.php(56): CodeIgniter\Boot::bootWeb(Object(Config\Paths))
12 SYSTEMPATH\rewrite.php(44): require_once('C:\\xampp\\htdocs\\CI_CRUD_MVC\\public\\index.php')
CRITICAL - 2025-02-15 13:52:59 --> ErrorException: foreach() argument must be of type array|object, null given
[Method: GET, Route: news]
in APPPATH\Views\news\news.php on line 10.
 1 APPPATH\Views\news\news.php(10): CodeIgniter\Debug\Exceptions->errorHandler(2, 'foreach() argument must be of type array|object, null given', 'C:\\xampp\\htdocs\\CI_CRUD_MVC\\app\\Views\\news\\news.php', 10)
 2 SYSTEMPATH\View\View.php(224): include('C:\\xampp\\htdocs\\CI_CRUD_MVC\\app\\Views\\news\\news.php')
 3 SYSTEMPATH\View\View.php(227): CodeIgniter\View\View->CodeIgniter\View\{closure}()
 4 SYSTEMPATH\Common.php(1173): CodeIgniter\View\View->render('news/news', [], true)
 5 APPPATH\Controllers\NewsController.php(21): view('news/news')
 6 SYSTEMPATH\CodeIgniter.php(933): App\Controllers\NewsController->index()
 7 SYSTEMPATH\CodeIgniter.php(507): CodeIgniter\CodeIgniter->runController(Object(App\Controllers\NewsController))
 8 SYSTEMPATH\CodeIgniter.php(354): CodeIgniter\CodeIgniter->handleRequest(null, Object(Config\Cache), false)
 9 SYSTEMPATH\Boot.php(334): CodeIgniter\CodeIgniter->run()
10 SYSTEMPATH\Boot.php(67): CodeIgniter\Boot::runCodeIgniter(Object(CodeIgniter\CodeIgniter))
11 FCPATH\index.php(56): CodeIgniter\Boot::bootWeb(Object(Config\Paths))
12 SYSTEMPATH\rewrite.php(44): require_once('C:\\xampp\\htdocs\\CI_CRUD_MVC\\public\\index.php')
CRITICAL - 2025-02-15 13:53:04 --> ErrorException: foreach() argument must be of type array|object, null given
[Method: GET, Route: news]
in APPPATH\Views\news\news.php on line 10.
 1 APPPATH\Views\news\news.php(10): CodeIgniter\Debug\Exceptions->errorHandler(2, 'foreach() argument must be of type array|object, null given', 'C:\\xampp\\htdocs\\CI_CRUD_MVC\\app\\Views\\news\\news.php', 10)
 2 SYSTEMPATH\View\View.php(224): include('C:\\xampp\\htdocs\\CI_CRUD_MVC\\app\\Views\\news\\news.php')
 3 SYSTEMPATH\View\View.php(227): CodeIgniter\View\View->CodeIgniter\View\{closure}()
 4 SYSTEMPATH\Common.php(1173): CodeIgniter\View\View->render('news/news', [], true)
 5 APPPATH\Controllers\NewsController.php(21): view('news/news')
 6 SYSTEMPATH\CodeIgniter.php(933): App\Controllers\NewsController->index()
 7 SYSTEMPATH\CodeIgniter.php(507): CodeIgniter\CodeIgniter->runController(Object(App\Controllers\NewsController))
 8 SYSTEMPATH\CodeIgniter.php(354): CodeIgniter\CodeIgniter->handleRequest(null, Object(Config\Cache), false)
 9 SYSTEMPATH\Boot.php(334): CodeIgniter\CodeIgniter->run()
10 SYSTEMPATH\Boot.php(67): CodeIgniter\Boot::runCodeIgniter(Object(CodeIgniter\CodeIgniter))
11 FCPATH\index.php(56): CodeIgniter\Boot::bootWeb(Object(Config\Paths))
12 SYSTEMPATH\rewrite.php(44): require_once('C:\\xampp\\htdocs\\CI_CRUD_MVC\\public\\index.php')
CRITICAL - 2025-02-15 13:58:15 --> ErrorException: foreach() argument must be of type array|object, null given
[Method: GET, Route: news]
in APPPATH\Views\news\news.php on line 11.
 1 APPPATH\Views\news\news.php(11): CodeIgniter\Debug\Exceptions->errorHandler(2, 'foreach() argument must be of type array|object, null given', 'C:\\xampp\\htdocs\\CI_CRUD_MVC\\app\\Views\\news\\news.php', 11)
 2 SYSTEMPATH\View\View.php(224): include('C:\\xampp\\htdocs\\CI_CRUD_MVC\\app\\Views\\news\\news.php')
 3 SYSTEMPATH\View\View.php(227): CodeIgniter\View\View->CodeIgniter\View\{closure}()
 4 SYSTEMPATH\Common.php(1173): CodeIgniter\View\View->render('news/news', [], true)
 5 APPPATH\Controllers\NewsController.php(21): view('news/news')
 6 SYSTEMPATH\CodeIgniter.php(933): App\Controllers\NewsController->index()
 7 SYSTEMPATH\CodeIgniter.php(507): CodeIgniter\CodeIgniter->runController(Object(App\Controllers\NewsController))
 8 SYSTEMPATH\CodeIgniter.php(354): CodeIgniter\CodeIgniter->handleRequest(null, Object(Config\Cache), false)
 9 SYSTEMPATH\Boot.php(334): CodeIgniter\CodeIgniter->run()
10 SYSTEMPATH\Boot.php(67): CodeIgniter\Boot::runCodeIgniter(Object(CodeIgniter\CodeIgniter))
11 FCPATH\index.php(56): CodeIgniter\Boot::bootWeb(Object(Config\Paths))
12 SYSTEMPATH\rewrite.php(44): require_once('C:\\xampp\\htdocs\\CI_CRUD_MVC\\public\\index.php')
CRITICAL - 2025-02-15 15:33:08 --> ErrorException: Trying to access array offset on value of type null
[Method: GET, Route: news/new]
in APPPATH\Views\news\snews.php on line 2.
 1 APPPATH\Views\news\snews.php(2): CodeIgniter\Debug\Exceptions->errorHandler(2, 'Trying to access array offset on value of type null', 'C:\\xampp\\htdocs\\CI_CRUD_MVC\\app\\Views\\news\\snews.php', 2)
 2 SYSTEMPATH\View\View.php(224): include('C:\\xampp\\htdocs\\CI_CRUD_MVC\\app\\Views\\news\\snews.php')
 3 SYSTEMPATH\View\View.php(227): CodeIgniter\View\View->CodeIgniter\View\{closure}()
 4 SYSTEMPATH\Common.php(1173): CodeIgniter\View\View->render('news/snews', [], true)
 5 APPPATH\Controllers\NewsController.php(37): view('news/snews')
 6 SYSTEMPATH\CodeIgniter.php(933): App\Controllers\NewsController->show('new')
 7 SYSTEMPATH\CodeIgniter.php(507): CodeIgniter\CodeIgniter->runController(Object(App\Controllers\NewsController))
 8 SYSTEMPATH\CodeIgniter.php(354): CodeIgniter\CodeIgniter->handleRequest(null, Object(Config\Cache), false)
 9 SYSTEMPATH\Boot.php(334): CodeIgniter\CodeIgniter->run()
10 SYSTEMPATH\Boot.php(67): CodeIgniter\Boot::runCodeIgniter(Object(CodeIgniter\CodeIgniter))
11 FCPATH\index.php(56): CodeIgniter\Boot::bootWeb(Object(Config\Paths))
12 SYSTEMPATH\rewrite.php(44): require_once('C:\\xampp\\htdocs\\CI_CRUD_MVC\\public\\index.php')
CRITICAL - 2025-02-15 15:33:44 --> ErrorException: Trying to access array offset on value of type null
[Method: GET, Route: news/new]
in APPPATH\Views\news\snews.php on line 2.
 1 APPPATH\Views\news\snews.php(2): CodeIgniter\Debug\Exceptions->errorHandler(2, 'Trying to access array offset on value of type null', 'C:\\xampp\\htdocs\\CI_CRUD_MVC\\app\\Views\\news\\snews.php', 2)
 2 SYSTEMPATH\View\View.php(224): include('C:\\xampp\\htdocs\\CI_CRUD_MVC\\app\\Views\\news\\snews.php')
 3 SYSTEMPATH\View\View.php(227): CodeIgniter\View\View->CodeIgniter\View\{closure}()
 4 SYSTEMPATH\Common.php(1173): CodeIgniter\View\View->render('news/snews', [], true)
 5 APPPATH\Controllers\NewsController.php(37): view('news/snews')
 6 SYSTEMPATH\CodeIgniter.php(933): App\Controllers\NewsController->show('new')
 7 SYSTEMPATH\CodeIgniter.php(507): CodeIgniter\CodeIgniter->runController(Object(App\Controllers\NewsController))
 8 SYSTEMPATH\CodeIgniter.php(354): CodeIgniter\CodeIgniter->handleRequest(null, Object(Config\Cache), false)
 9 SYSTEMPATH\Boot.php(334): CodeIgniter\CodeIgniter->run()
10 SYSTEMPATH\Boot.php(67): CodeIgniter\Boot::runCodeIgniter(Object(CodeIgniter\CodeIgniter))
11 FCPATH\index.php(56): CodeIgniter\Boot::bootWeb(Object(Config\Paths))
12 SYSTEMPATH\rewrite.php(44): require_once('C:\\xampp\\htdocs\\CI_CRUD_MVC\\public\\index.php')
CRITICAL - 2025-02-15 15:33:59 --> ErrorException: Trying to access array offset on value of type null
[Method: GET, Route: news/new]
in APPPATH\Views\news\snews.php on line 2.
 1 APPPATH\Views\news\snews.php(2): CodeIgniter\Debug\Exceptions->errorHandler(2, 'Trying to access array offset on value of type null', 'C:\\xampp\\htdocs\\CI_CRUD_MVC\\app\\Views\\news\\snews.php', 2)
 2 SYSTEMPATH\View\View.php(224): include('C:\\xampp\\htdocs\\CI_CRUD_MVC\\app\\Views\\news\\snews.php')
 3 SYSTEMPATH\View\View.php(227): CodeIgniter\View\View->CodeIgniter\View\{closure}()
 4 SYSTEMPATH\Common.php(1173): CodeIgniter\View\View->render('news/snews', [], true)
 5 APPPATH\Controllers\NewsController.php(37): view('news/snews')
 6 SYSTEMPATH\CodeIgniter.php(933): App\Controllers\NewsController->show('new')
 7 SYSTEMPATH\CodeIgniter.php(507): CodeIgniter\CodeIgniter->runController(Object(App\Controllers\NewsController))
 8 SYSTEMPATH\CodeIgniter.php(354): CodeIgniter\CodeIgniter->handleRequest(null, Object(Config\Cache), false)
 9 SYSTEMPATH\Boot.php(334): CodeIgniter\CodeIgniter->run()
10 SYSTEMPATH\Boot.php(67): CodeIgniter\Boot::runCodeIgniter(Object(CodeIgniter\CodeIgniter))
11 FCPATH\index.php(56): CodeIgniter\Boot::bootWeb(Object(Config\Paths))
12 SYSTEMPATH\rewrite.php(44): require_once('C:\\xampp\\htdocs\\CI_CRUD_MVC\\public\\index.php')
CRITICAL - 2025-02-15 15:34:14 --> ErrorException: Trying to access array offset on value of type null
[Method: GET, Route: news/new]
in APPPATH\Views\news\snews.php on line 2.
 1 APPPATH\Views\news\snews.php(2): CodeIgniter\Debug\Exceptions->errorHandler(2, 'Trying to access array offset on value of type null', 'C:\\xampp\\htdocs\\CI_CRUD_MVC\\app\\Views\\news\\snews.php', 2)
 2 SYSTEMPATH\View\View.php(224): include('C:\\xampp\\htdocs\\CI_CRUD_MVC\\app\\Views\\news\\snews.php')
 3 SYSTEMPATH\View\View.php(227): CodeIgniter\View\View->CodeIgniter\View\{closure}()
 4 SYSTEMPATH\Common.php(1173): CodeIgniter\View\View->render('news/snews', [], true)
 5 APPPATH\Controllers\NewsController.php(37): view('news/snews')
 6 SYSTEMPATH\CodeIgniter.php(933): App\Controllers\NewsController->show('new')
 7 SYSTEMPATH\CodeIgniter.php(507): CodeIgniter\CodeIgniter->runController(Object(App\Controllers\NewsController))
 8 SYSTEMPATH\CodeIgniter.php(354): CodeIgniter\CodeIgniter->handleRequest(null, Object(Config\Cache), false)
 9 SYSTEMPATH\Boot.php(334): CodeIgniter\CodeIgniter->run()
10 SYSTEMPATH\Boot.php(67): CodeIgniter\Boot::runCodeIgniter(Object(CodeIgniter\CodeIgniter))
11 FCPATH\index.php(56): CodeIgniter\Boot::bootWeb(Object(Config\Paths))
12 SYSTEMPATH\rewrite.php(44): require_once('C:\\xampp\\htdocs\\CI_CRUD_MVC\\public\\index.php')
CRITICAL - 2025-02-15 15:34:47 --> ErrorException: Trying to access array offset on value of type null
[Method: GET, Route: news/new]
in APPPATH\Views\news\snews.php on line 2.
 1 APPPATH\Views\news\snews.php(2): CodeIgniter\Debug\Exceptions->errorHandler(2, 'Trying to access array offset on value of type null', 'C:\\xampp\\htdocs\\CI_CRUD_MVC\\app\\Views\\news\\snews.php', 2)
 2 SYSTEMPATH\View\View.php(224): include('C:\\xampp\\htdocs\\CI_CRUD_MVC\\app\\Views\\news\\snews.php')
 3 SYSTEMPATH\View\View.php(227): CodeIgniter\View\View->CodeIgniter\View\{closure}()
 4 SYSTEMPATH\Common.php(1173): CodeIgniter\View\View->render('news/snews', [], true)
 5 APPPATH\Controllers\NewsController.php(37): view('news/snews')
 6 SYSTEMPATH\CodeIgniter.php(933): App\Controllers\NewsController->show('new')
 7 SYSTEMPATH\CodeIgniter.php(507): CodeIgniter\CodeIgniter->runController(Object(App\Controllers\NewsController))
 8 SYSTEMPATH\CodeIgniter.php(354): CodeIgniter\CodeIgniter->handleRequest(null, Object(Config\Cache), false)
 9 SYSTEMPATH\Boot.php(334): CodeIgniter\CodeIgniter->run()
10 SYSTEMPATH\Boot.php(67): CodeIgniter\Boot::runCodeIgniter(Object(CodeIgniter\CodeIgniter))
11 FCPATH\index.php(56): CodeIgniter\Boot::bootWeb(Object(Config\Paths))
12 SYSTEMPATH\rewrite.php(44): require_once('C:\\xampp\\htdocs\\CI_CRUD_MVC\\public\\index.php')
CRITICAL - 2025-02-15 15:35:55 --> ErrorException: Trying to access array offset on value of type null
[Method: GET, Route: news/new]
in APPPATH\Views\news\snews.php on line 2.
 1 APPPATH\Views\news\snews.php(2): CodeIgniter\Debug\Exceptions->errorHandler(2, 'Trying to access array offset on value of type null', 'C:\\xampp\\htdocs\\CI_CRUD_MVC\\app\\Views\\news\\snews.php', 2)
 2 SYSTEMPATH\View\View.php(224): include('C:\\xampp\\htdocs\\CI_CRUD_MVC\\app\\Views\\news\\snews.php')
 3 SYSTEMPATH\View\View.php(227): CodeIgniter\View\View->CodeIgniter\View\{closure}()
 4 SYSTEMPATH\Common.php(1173): CodeIgniter\View\View->render('news/snews', [], true)
 5 APPPATH\Controllers\NewsController.php(37): view('news/snews')
 6 SYSTEMPATH\CodeIgniter.php(933): App\Controllers\NewsController->show('new')
 7 SYSTEMPATH\CodeIgniter.php(507): CodeIgniter\CodeIgniter->runController(Object(App\Controllers\NewsController))
 8 SYSTEMPATH\CodeIgniter.php(354): CodeIgniter\CodeIgniter->handleRequest(null, Object(Config\Cache), false)
 9 SYSTEMPATH\Boot.php(334): CodeIgniter\CodeIgniter->run()
10 SYSTEMPATH\Boot.php(67): CodeIgniter\Boot::runCodeIgniter(Object(CodeIgniter\CodeIgniter))
11 FCPATH\index.php(56): CodeIgniter\Boot::bootWeb(Object(Config\Paths))
12 SYSTEMPATH\rewrite.php(44): require_once('C:\\xampp\\htdocs\\CI_CRUD_MVC\\public\\index.php')
CRITICAL - 2025-02-15 15:36:29 --> ErrorException: Undefined variable $title
[Method: GET, Route: news/new]
in APPPATH\Views\templates\header.php on line 4.
 1 APPPATH\Views\templates\header.php(4): CodeIgniter\Debug\Exceptions->errorHandler(2, 'Undefined variable $title', 'C:\\xampp\\htdocs\\CI_CRUD_MVC\\app\\Views\\templates\\header.php', 4)
 2 SYSTEMPATH\View\View.php(224): include('C:\\xampp\\htdocs\\CI_CRUD_MVC\\app\\Views\\templates\\header.php')
 3 SYSTEMPATH\View\View.php(227): CodeIgniter\View\View->CodeIgniter\View\{closure}()
 4 SYSTEMPATH\Common.php(1173): CodeIgniter\View\View->render('templates/header', [], true)
 5 APPPATH\Controllers\NewsController.php(43): view('templates/header')
 6 SYSTEMPATH\CodeIgniter.php(933): App\Controllers\NewsController->new()
 7 SYSTEMPATH\CodeIgniter.php(507): CodeIgniter\CodeIgniter->runController(Object(App\Controllers\NewsController))
 8 SYSTEMPATH\CodeIgniter.php(354): CodeIgniter\CodeIgniter->handleRequest(null, Object(Config\Cache), false)
 9 SYSTEMPATH\Boot.php(334): CodeIgniter\CodeIgniter->run()
10 SYSTEMPATH\Boot.php(67): CodeIgniter\Boot::runCodeIgniter(Object(CodeIgniter\CodeIgniter))
11 FCPATH\index.php(56): CodeIgniter\Boot::bootWeb(Object(Config\Paths))
12 SYSTEMPATH\rewrite.php(44): require_once('C:\\xampp\\htdocs\\CI_CRUD_MVC\\public\\index.php')
DEBUG - 2025-02-15 15:40:43 --> Session: Class initialized using 'CodeIgniter\Session\Handlers\FileHandler' driver.
CRITICAL - 2025-02-15 15:40:43 --> Error: Call to undefined function validation_list_errors()
[Method: GET, Route: news/new]
in APPPATH\Views\news\Create.php on line 4.
 1 SYSTEMPATH\View\View.php(224): include()
 2 SYSTEMPATH\View\View.php(227): CodeIgniter\View\View->CodeIgniter\View\{closure}()
 3 SYSTEMPATH\Common.php(1173): CodeIgniter\View\View->render('news/Create', [], true)
 4 APPPATH\Controllers\NewsController.php(45): view('news/Create')
 5 SYSTEMPATH\CodeIgniter.php(933): App\Controllers\NewsController->new()
 6 SYSTEMPATH\CodeIgniter.php(507): CodeIgniter\CodeIgniter->runController(Object(App\Controllers\NewsController))
 7 SYSTEMPATH\CodeIgniter.php(354): CodeIgniter\CodeIgniter->handleRequest(null, Object(Config\Cache), false)
 8 SYSTEMPATH\Boot.php(334): CodeIgniter\CodeIgniter->run()
 9 SYSTEMPATH\Boot.php(67): CodeIgniter\Boot::runCodeIgniter(Object(CodeIgniter\CodeIgniter))
10 FCPATH\index.php(56): CodeIgniter\Boot::bootWeb(Object(Config\Paths))
11 SYSTEMPATH\rewrite.php(44): require_once('C:\\xampp\\htdocs\\CI_CRUD_MVC\\public\\index.php')
DEBUG - 2025-02-15 15:42:32 --> Session: Class initialized using 'CodeIgniter\Session\Handlers\FileHandler' driver.
CRITICAL - 2025-02-15 15:49:51 --> ErrorException: Undefined array key "created_on"
[Method: GET, Route: news]
in APPPATH\Views\news\news.php on line 23.
 1 APPPATH\Views\news\news.php(23): CodeIgniter\Debug\Exceptions->errorHandler(2, 'Undefined array key "created_on"', 'C:\\xampp\\htdocs\\CI_CRUD_MVC\\app\\Views\\news\\news.php', 23)
 2 SYSTEMPATH\View\View.php(224): include('C:\\xampp\\htdocs\\CI_CRUD_MVC\\app\\Views\\news\\news.php')
 3 SYSTEMPATH\View\View.php(227): CodeIgniter\View\View->CodeIgniter\View\{closure}()
 4 SYSTEMPATH\Common.php(1173): CodeIgniter\View\View->render('news/news', [], true)
 5 APPPATH\Controllers\NewsController.php(21): view('news/news')
 6 SYSTEMPATH\CodeIgniter.php(933): App\Controllers\NewsController->index()
 7 SYSTEMPATH\CodeIgniter.php(507): CodeIgniter\CodeIgniter->runController(Object(App\Controllers\NewsController))
 8 SYSTEMPATH\CodeIgniter.php(354): CodeIgniter\CodeIgniter->handleRequest(null, Object(Config\Cache), false)
 9 SYSTEMPATH\Boot.php(334): CodeIgniter\CodeIgniter->run()
10 SYSTEMPATH\Boot.php(67): CodeIgniter\Boot::runCodeIgniter(Object(CodeIgniter\CodeIgniter))
11 FCPATH\index.php(56): CodeIgniter\Boot::bootWeb(Object(Config\Paths))
12 SYSTEMPATH\rewrite.php(44): require_once('C:\\xampp\\htdocs\\CI_CRUD_MVC\\public\\index.php')
CRITICAL - 2025-02-15 15:49:51 --> ErrorException: Undefined array key "created_on"
[Method: GET, Route: news]
in APPPATH\Views\news\news.php on line 23.
 1 APPPATH\Views\news\news.php(23): CodeIgniter\Debug\Exceptions->errorHandler(2, 'Undefined array key "created_on"', 'C:\\xampp\\htdocs\\CI_CRUD_MVC\\app\\Views\\news\\news.php', 23)
 2 SYSTEMPATH\View\View.php(224): include('C:\\xampp\\htdocs\\CI_CRUD_MVC\\app\\Views\\news\\news.php')
 3 SYSTEMPATH\View\View.php(227): CodeIgniter\View\View->CodeIgniter\View\{closure}()
 4 SYSTEMPATH\Common.php(1173): CodeIgniter\View\View->render('news/news', [], true)
 5 APPPATH\Controllers\NewsController.php(21): view('news/news')
 6 SYSTEMPATH\CodeIgniter.php(933): App\Controllers\NewsController->index()
 7 SYSTEMPATH\CodeIgniter.php(507): CodeIgniter\CodeIgniter->runController(Object(App\Controllers\NewsController))
 8 SYSTEMPATH\CodeIgniter.php(354): CodeIgniter\CodeIgniter->handleRequest(null, Object(Config\Cache), false)
 9 SYSTEMPATH\Boot.php(334): CodeIgniter\CodeIgniter->run()
10 SYSTEMPATH\Boot.php(67): CodeIgniter\Boot::runCodeIgniter(Object(CodeIgniter\CodeIgniter))
11 FCPATH\index.php(56): CodeIgniter\Boot::bootWeb(Object(Config\Paths))
12 SYSTEMPATH\rewrite.php(44): require_once('C:\\xampp\\htdocs\\CI_CRUD_MVC\\public\\index.php')
CRITICAL - 2025-02-15 15:54:12 --> ErrorException: Undefined array key "created_on"
[Method: GET, Route: news]
in APPPATH\Views\news\news.php on line 23.
 1 APPPATH\Views\news\news.php(23): CodeIgniter\Debug\Exceptions->errorHandler(2, 'Undefined array key "created_on"', 'C:\\xampp\\htdocs\\CI_CRUD_MVC\\app\\Views\\news\\news.php', 23)
 2 SYSTEMPATH\View\View.php(224): include('C:\\xampp\\htdocs\\CI_CRUD_MVC\\app\\Views\\news\\news.php')
 3 SYSTEMPATH\View\View.php(227): CodeIgniter\View\View->CodeIgniter\View\{closure}()
 4 SYSTEMPATH\Common.php(1173): CodeIgniter\View\View->render('news/news', [], true)
 5 APPPATH\Controllers\NewsController.php(21): view('news/news')
 6 SYSTEMPATH\CodeIgniter.php(933): App\Controllers\NewsController->index()
 7 SYSTEMPATH\CodeIgniter.php(507): CodeIgniter\CodeIgniter->runController(Object(App\Controllers\NewsController))
 8 SYSTEMPATH\CodeIgniter.php(354): CodeIgniter\CodeIgniter->handleRequest(null, Object(Config\Cache), false)
 9 SYSTEMPATH\Boot.php(334): CodeIgniter\CodeIgniter->run()
10 SYSTEMPATH\Boot.php(67): CodeIgniter\Boot::runCodeIgniter(Object(CodeIgniter\CodeIgniter))
11 FCPATH\index.php(56): CodeIgniter\Boot::bootWeb(Object(Config\Paths))
12 SYSTEMPATH\rewrite.php(44): require_once('C:\\xampp\\htdocs\\CI_CRUD_MVC\\public\\index.php')
DEBUG - 2025-02-15 16:18:13 --> Session: Class initialized using 'CodeIgniter\Session\Handlers\FileHandler' driver.
DEBUG - 2025-02-15 16:20:27 --> Session: Class initialized using 'CodeIgniter\Session\Handlers\FileHandler' driver.
DEBUG - 2025-02-15 16:29:19 --> Session: Class initialized using 'CodeIgniter\Session\Handlers\FileHandler' driver.
DEBUG - 2025-02-15 16:30:25 --> Session: Class initialized using 'CodeIgniter\Session\Handlers\FileHandler' driver.
DEBUG - 2025-02-15 16:40:39 --> Session: Class initialized using 'CodeIgniter\Session\Handlers\FileHandler' driver.
DEBUG - 2025-02-15 16:47:11 --> Session: Class initialized using 'CodeIgniter\Session\Handlers\FileHandler' driver.
DEBUG - 2025-02-15 16:48:23 --> Session: Class initialized using 'CodeIgniter\Session\Handlers\FileHandler' driver.
