CRITICAL - 2025-02-25 08:29:20 --> ErrorException: Undefined variable $departments
[Method: GET, Route: edms/update/ENG02]
in APPPATH\Views\edms\departments.php on line 31.
 1 APPPATH\Views\edms\departments.php(31): CodeIgniter\Debug\Exceptions->errorHandler(2, 'Undefined variable $departments', 'C:\\xampp\\htdocs\\CI_CRUD_MVC\\app\\Views\\edms\\departments.php', 31)
 2 SYSTEMPATH\View\View.php(224): include('C:\\xampp\\htdocs\\CI_CRUD_MVC\\app\\Views\\edms\\departments.php')
 3 SYSTEMPATH\View\View.php(227): CodeIgniter\View\View->CodeIgniter\View\{closure}()
 4 SYSTEMPATH\Common.php(1173): CodeIgniter\View\View->render('edms/departments', [], true)
 5 APPPATH\Controllers\EDMSController.php(103): view('edms/departments')
 6 SYSTEMPATH\CodeIgniter.php(933): App\Controllers\EDMSController->activateButton('ENG02')
 7 SYSTEMPATH\CodeIgniter.php(507): CodeIgniter\CodeIgniter->runController(Object(App\Controllers\EDMSController))
 8 SYSTEMPATH\CodeIgniter.php(354): CodeIgniter\CodeIgniter->handleRequest(null, Object(Config\Cache), false)
 9 SYSTEMPATH\Boot.php(334): CodeIgniter\CodeIgniter->run()
10 SYSTEMPATH\Boot.php(67): CodeIgniter\Boot::runCodeIgniter(Object(CodeIgniter\CodeIgniter))
11 FCPATH\index.php(56): CodeIgniter\Boot::bootWeb(Object(Config\Paths))
12 SYSTEMPATH\rewrite.php(44): require_once('C:\\xampp\\htdocs\\CI_CRUD_MVC\\public\\index.php')
CRITICAL - 2025-02-25 08:32:23 --> CodeIgniter\Database\Exceptions\DataException: There is no data to update.
[Method: GET, Route: edms/update/ENG02]
in SYSTEMPATH\BaseModel.php on line 1010.
 1 SYSTEMPATH\BaseModel.php(1010): CodeIgniter\Database\Exceptions\DataException::forEmptyDataset('update')
 2 SYSTEMPATH\Model.php(863): CodeIgniter\BaseModel->update([...], [])
 3 APPPATH\Models\DepartmentsModel.php(43): CodeIgniter\Model->update('departments')
 4 APPPATH\Controllers\EDMSController.php(101): App\Models\DepartmentsModel->activateDepartment('ENG02')
 5 SYSTEMPATH\CodeIgniter.php(933): App\Controllers\EDMSController->activateButton('ENG02')
 6 SYSTEMPATH\CodeIgniter.php(507): CodeIgniter\CodeIgniter->runController(Object(App\Controllers\EDMSController))
 7 SYSTEMPATH\CodeIgniter.php(354): CodeIgniter\CodeIgniter->handleRequest(null, Object(Config\Cache), false)
 8 SYSTEMPATH\Boot.php(334): CodeIgniter\CodeIgniter->run()
 9 SYSTEMPATH\Boot.php(67): CodeIgniter\Boot::runCodeIgniter(Object(CodeIgniter\CodeIgniter))
10 FCPATH\index.php(56): CodeIgniter\Boot::bootWeb(Object(Config\Paths))
11 SYSTEMPATH\rewrite.php(44): require_once('C:\\xampp\\htdocs\\CI_CRUD_MVC\\public\\index.php')
CRITICAL - 2025-02-25 08:34:38 --> CodeIgniter\Database\Exceptions\DataException: There is no data to update.
[Method: GET, Route: edms/update/ENG02]
in SYSTEMPATH\BaseModel.php on line 1010.
 1 SYSTEMPATH\BaseModel.php(1010): CodeIgniter\Database\Exceptions\DataException::forEmptyDataset('update')
 2 SYSTEMPATH\Model.php(863): CodeIgniter\BaseModel->update([...], [])
 3 APPPATH\Models\DepartmentsModel.php(43): CodeIgniter\Model->update('departments')
 4 APPPATH\Controllers\EDMSController.php(101): App\Models\DepartmentsModel->activateDepartment('ENG02')
 5 SYSTEMPATH\CodeIgniter.php(933): App\Controllers\EDMSController->activateButton('ENG02')
 6 SYSTEMPATH\CodeIgniter.php(507): CodeIgniter\CodeIgniter->runController(Object(App\Controllers\EDMSController))
 7 SYSTEMPATH\CodeIgniter.php(354): CodeIgniter\CodeIgniter->handleRequest(null, Object(Config\Cache), false)
 8 SYSTEMPATH\Boot.php(334): CodeIgniter\CodeIgniter->run()
 9 SYSTEMPATH\Boot.php(67): CodeIgniter\Boot::runCodeIgniter(Object(CodeIgniter\CodeIgniter))
10 FCPATH\index.php(56): CodeIgniter\Boot::bootWeb(Object(Config\Paths))
11 SYSTEMPATH\rewrite.php(44): require_once('C:\\xampp\\htdocs\\CI_CRUD_MVC\\public\\index.php')
CRITICAL - 2025-02-25 08:51:41 --> CodeIgniter\Database\Exceptions\DataException: There is no data to update.
[Method: GET, Route: edms/update/ENG02]
in SYSTEMPATH\BaseModel.php on line 1010.
 1 SYSTEMPATH\BaseModel.php(1010): CodeIgniter\Database\Exceptions\DataException::forEmptyDataset('update')
 2 SYSTEMPATH\Model.php(863): CodeIgniter\BaseModel->update([...], [])
 3 APPPATH\Models\DepartmentsModel.php(45): CodeIgniter\Model->update('departments', [...])
 4 APPPATH\Controllers\EDMSController.php(101): App\Models\DepartmentsModel->activateDepartment('ENG02')
 5 SYSTEMPATH\CodeIgniter.php(933): App\Controllers\EDMSController->activateButton('ENG02')
 6 SYSTEMPATH\CodeIgniter.php(507): CodeIgniter\CodeIgniter->runController(Object(App\Controllers\EDMSController))
 7 SYSTEMPATH\CodeIgniter.php(354): CodeIgniter\CodeIgniter->handleRequest(null, Object(Config\Cache), false)
 8 SYSTEMPATH\Boot.php(334): CodeIgniter\CodeIgniter->run()
 9 SYSTEMPATH\Boot.php(67): CodeIgniter\Boot::runCodeIgniter(Object(CodeIgniter\CodeIgniter))
10 FCPATH\index.php(56): CodeIgniter\Boot::bootWeb(Object(Config\Paths))
11 SYSTEMPATH\rewrite.php(44): require_once('C:\\xampp\\htdocs\\CI_CRUD_MVC\\public\\index.php')
CRITICAL - 2025-02-25 08:54:25 --> CodeIgniter\Database\Exceptions\DataException: There is no data to update.
[Method: GET, Route: edms/update/ENG02]
in SYSTEMPATH\BaseModel.php on line 1010.
 1 SYSTEMPATH\BaseModel.php(1010): CodeIgniter\Database\Exceptions\DataException::forEmptyDataset('update')
 2 SYSTEMPATH\Model.php(863): CodeIgniter\BaseModel->update([...], [])
 3 APPPATH\Models\DepartmentsModel.php(44): CodeIgniter\Model->update('departments', [...])
 4 APPPATH\Controllers\EDMSController.php(101): App\Models\DepartmentsModel->activateDepartment('ENG02')
 5 SYSTEMPATH\CodeIgniter.php(933): App\Controllers\EDMSController->activateButton('ENG02')
 6 SYSTEMPATH\CodeIgniter.php(507): CodeIgniter\CodeIgniter->runController(Object(App\Controllers\EDMSController))
 7 SYSTEMPATH\CodeIgniter.php(354): CodeIgniter\CodeIgniter->handleRequest(null, Object(Config\Cache), false)
 8 SYSTEMPATH\Boot.php(334): CodeIgniter\CodeIgniter->run()
 9 SYSTEMPATH\Boot.php(67): CodeIgniter\Boot::runCodeIgniter(Object(CodeIgniter\CodeIgniter))
10 FCPATH\index.php(56): CodeIgniter\Boot::bootWeb(Object(Config\Paths))
11 SYSTEMPATH\rewrite.php(44): require_once('C:\\xampp\\htdocs\\CI_CRUD_MVC\\public\\index.php')
CRITICAL - 2025-02-25 08:55:18 --> CodeIgniter\Database\Exceptions\DataException: There is no data to update.
[Method: GET, Route: edms/update/ENG02]
in SYSTEMPATH\BaseModel.php on line 1010.
 1 SYSTEMPATH\BaseModel.php(1010): CodeIgniter\Database\Exceptions\DataException::forEmptyDataset('update')
 2 SYSTEMPATH\Model.php(863): CodeIgniter\BaseModel->update([...], [])
 3 APPPATH\Models\DepartmentsModel.php(44): CodeIgniter\Model->update('departments', [...])
 4 APPPATH\Controllers\EDMSController.php(101): App\Models\DepartmentsModel->activateDepartment('ENG02')
 5 SYSTEMPATH\CodeIgniter.php(933): App\Controllers\EDMSController->activateButton('ENG02')
 6 SYSTEMPATH\CodeIgniter.php(507): CodeIgniter\CodeIgniter->runController(Object(App\Controllers\EDMSController))
 7 SYSTEMPATH\CodeIgniter.php(354): CodeIgniter\CodeIgniter->handleRequest(null, Object(Config\Cache), false)
 8 SYSTEMPATH\Boot.php(334): CodeIgniter\CodeIgniter->run()
 9 SYSTEMPATH\Boot.php(67): CodeIgniter\Boot::runCodeIgniter(Object(CodeIgniter\CodeIgniter))
10 FCPATH\index.php(56): CodeIgniter\Boot::bootWeb(Object(Config\Paths))
11 SYSTEMPATH\rewrite.php(44): require_once('C:\\xampp\\htdocs\\CI_CRUD_MVC\\public\\index.php')
CRITICAL - 2025-02-25 08:56:43 --> CodeIgniter\Database\Exceptions\DataException: There is no data to update.
[Method: GET, Route: edms/update/ENG02]
in SYSTEMPATH\BaseModel.php on line 1010.
 1 SYSTEMPATH\BaseModel.php(1010): CodeIgniter\Database\Exceptions\DataException::forEmptyDataset('update')
 2 SYSTEMPATH\Model.php(863): CodeIgniter\BaseModel->update([...], [])
 3 APPPATH\Models\DepartmentsModel.php(44): CodeIgniter\Model->update('departments', [...])
 4 APPPATH\Controllers\EDMSController.php(102): App\Models\DepartmentsModel->activateDepartment('ENG02')
 5 SYSTEMPATH\CodeIgniter.php(933): App\Controllers\EDMSController->activateButton('ENG02')
 6 SYSTEMPATH\CodeIgniter.php(507): CodeIgniter\CodeIgniter->runController(Object(App\Controllers\EDMSController))
 7 SYSTEMPATH\CodeIgniter.php(354): CodeIgniter\CodeIgniter->handleRequest(null, Object(Config\Cache), false)
 8 SYSTEMPATH\Boot.php(334): CodeIgniter\CodeIgniter->run()
 9 SYSTEMPATH\Boot.php(67): CodeIgniter\Boot::runCodeIgniter(Object(CodeIgniter\CodeIgniter))
10 FCPATH\index.php(56): CodeIgniter\Boot::bootWeb(Object(Config\Paths))
11 SYSTEMPATH\rewrite.php(44): require_once('C:\\xampp\\htdocs\\CI_CRUD_MVC\\public\\index.php')
CRITICAL - 2025-02-25 09:00:28 --> CodeIgniter\Database\Exceptions\DataException: There is no data to update.
[Method: GET, Route: edms/update/ENG02]
in SYSTEMPATH\BaseModel.php on line 1010.
 1 SYSTEMPATH\BaseModel.php(1010): CodeIgniter\Database\Exceptions\DataException::forEmptyDataset('update')
 2 SYSTEMPATH\Model.php(863): CodeIgniter\BaseModel->update([...], [])
 3 APPPATH\Controllers\EDMSController.php(103): CodeIgniter\Model->update('departments', [...])
 4 SYSTEMPATH\CodeIgniter.php(933): App\Controllers\EDMSController->activateButton('ENG02')
 5 SYSTEMPATH\CodeIgniter.php(507): CodeIgniter\CodeIgniter->runController(Object(App\Controllers\EDMSController))
 6 SYSTEMPATH\CodeIgniter.php(354): CodeIgniter\CodeIgniter->handleRequest(null, Object(Config\Cache), false)
 7 SYSTEMPATH\Boot.php(334): CodeIgniter\CodeIgniter->run()
 8 SYSTEMPATH\Boot.php(67): CodeIgniter\Boot::runCodeIgniter(Object(CodeIgniter\CodeIgniter))
 9 FCPATH\index.php(56): CodeIgniter\Boot::bootWeb(Object(Config\Paths))
10 SYSTEMPATH\rewrite.php(44): require_once('C:\\xampp\\htdocs\\CI_CRUD_MVC\\public\\index.php')
CRITICAL - 2025-02-25 09:32:21 --> CodeIgniter\Database\Exceptions\DataException: There is no data to update.
[Method: GET, Route: edms/update/2]
in SYSTEMPATH\BaseModel.php on line 1010.
 1 SYSTEMPATH\BaseModel.php(1010): CodeIgniter\Database\Exceptions\DataException::forEmptyDataset('update')
 2 SYSTEMPATH\Model.php(863): CodeIgniter\BaseModel->update([...], [])
 3 APPPATH\Models\DepartmentsModel.php(45): CodeIgniter\Model->update('departments', [...])
 4 APPPATH\Controllers\EDMSController.php(103): App\Models\DepartmentsModel->activateDepartment('2')
 5 SYSTEMPATH\CodeIgniter.php(933): App\Controllers\EDMSController->activateButton('2')
 6 SYSTEMPATH\CodeIgniter.php(507): CodeIgniter\CodeIgniter->runController(Object(App\Controllers\EDMSController))
 7 SYSTEMPATH\CodeIgniter.php(354): CodeIgniter\CodeIgniter->handleRequest(null, Object(Config\Cache), false)
 8 SYSTEMPATH\Boot.php(334): CodeIgniter\CodeIgniter->run()
 9 SYSTEMPATH\Boot.php(67): CodeIgniter\Boot::runCodeIgniter(Object(CodeIgniter\CodeIgniter))
10 FCPATH\index.php(56): CodeIgniter\Boot::bootWeb(Object(Config\Paths))
11 SYSTEMPATH\rewrite.php(44): require_once('C:\\xampp\\htdocs\\CI_CRUD_MVC\\public\\index.php')
CRITICAL - 2025-02-25 09:51:32 --> TypeError: CodeIgniter\Database\BaseBuilder::getOperatorFromWhereKey(): Argument #1 ($whereKey) must be of type string, int given, called in C:\xampp\htdocs\CI_CRUD_MVC\system\Database\BaseBuilder.php on line 781
[Method: GET, Route: edms/update/2]
in SYSTEMPATH\Database\BaseBuilder.php on line 3489.
 1 SYSTEMPATH\Database\BaseBuilder.php(781): CodeIgniter\Database\BaseBuilder->getOperatorFromWhereKey(0)
 2 SYSTEMPATH\Database\BaseBuilder.php(722): CodeIgniter\Database\BaseBuilder->whereHaving('QBWhere', [...], null, 'AND ', true)
 3 SYSTEMPATH\Model.php(928): CodeIgniter\Database\BaseBuilder->where([...])
 4 APPPATH\Models\DepartmentsModel.php(44): CodeIgniter\Model->__call('where', [...])
 5 APPPATH\Controllers\EDMSController.php(103): App\Models\DepartmentsModel->activateDepartment('2')
 6 SYSTEMPATH\CodeIgniter.php(933): App\Controllers\EDMSController->activateButton('2')
 7 SYSTEMPATH\CodeIgniter.php(507): CodeIgniter\CodeIgniter->runController(Object(App\Controllers\EDMSController))
 8 SYSTEMPATH\CodeIgniter.php(354): CodeIgniter\CodeIgniter->handleRequest(null, Object(Config\Cache), false)
 9 SYSTEMPATH\Boot.php(334): CodeIgniter\CodeIgniter->run()
10 SYSTEMPATH\Boot.php(67): CodeIgniter\Boot::runCodeIgniter(Object(CodeIgniter\CodeIgniter))
11 FCPATH\index.php(56): CodeIgniter\Boot::bootWeb(Object(Config\Paths))
12 SYSTEMPATH\rewrite.php(44): require_once('C:\\xampp\\htdocs\\CI_CRUD_MVC\\public\\index.php')
CRITICAL - 2025-02-25 09:51:39 --> TypeError: CodeIgniter\Database\BaseBuilder::getOperatorFromWhereKey(): Argument #1 ($whereKey) must be of type string, int given, called in C:\xampp\htdocs\CI_CRUD_MVC\system\Database\BaseBuilder.php on line 781
[Method: GET, Route: edms/update/2]
in SYSTEMPATH\Database\BaseBuilder.php on line 3489.
 1 SYSTEMPATH\Database\BaseBuilder.php(781): CodeIgniter\Database\BaseBuilder->getOperatorFromWhereKey(0)
 2 SYSTEMPATH\Database\BaseBuilder.php(722): CodeIgniter\Database\BaseBuilder->whereHaving('QBWhere', [...], null, 'AND ', true)
 3 SYSTEMPATH\Model.php(928): CodeIgniter\Database\BaseBuilder->where([...])
 4 APPPATH\Models\DepartmentsModel.php(44): CodeIgniter\Model->__call('where', [...])
 5 APPPATH\Controllers\EDMSController.php(103): App\Models\DepartmentsModel->activateDepartment('2')
 6 SYSTEMPATH\CodeIgniter.php(933): App\Controllers\EDMSController->activateButton('2')
 7 SYSTEMPATH\CodeIgniter.php(507): CodeIgniter\CodeIgniter->runController(Object(App\Controllers\EDMSController))
 8 SYSTEMPATH\CodeIgniter.php(354): CodeIgniter\CodeIgniter->handleRequest(null, Object(Config\Cache), false)
 9 SYSTEMPATH\Boot.php(334): CodeIgniter\CodeIgniter->run()
10 SYSTEMPATH\Boot.php(67): CodeIgniter\Boot::runCodeIgniter(Object(CodeIgniter\CodeIgniter))
11 FCPATH\index.php(56): CodeIgniter\Boot::bootWeb(Object(Config\Paths))
12 SYSTEMPATH\rewrite.php(44): require_once('C:\\xampp\\htdocs\\CI_CRUD_MVC\\public\\index.php')
CRITICAL - 2025-02-25 12:47:26 --> Error: Call to a member function getUsers() on null
[Method: GET, Route: edms/auth]
in APPPATH\Controllers\UsersController.php on line 13.
 1 SYSTEMPATH\CodeIgniter.php(933): App\Controllers\UsersController->users()
 2 SYSTEMPATH\CodeIgniter.php(507): CodeIgniter\CodeIgniter->runController(Object(App\Controllers\UsersController))
 3 SYSTEMPATH\CodeIgniter.php(354): CodeIgniter\CodeIgniter->handleRequest(null, Object(Config\Cache), false)
 4 SYSTEMPATH\Boot.php(334): CodeIgniter\CodeIgniter->run()
 5 SYSTEMPATH\Boot.php(67): CodeIgniter\Boot::runCodeIgniter(Object(CodeIgniter\CodeIgniter))
 6 FCPATH\index.php(56): CodeIgniter\Boot::bootWeb(Object(Config\Paths))
 7 SYSTEMPATH\rewrite.php(44): require_once('C:\\xampp\\htdocs\\CI_CRUD_MVC\\public\\index.php')
CRITICAL - 2025-02-25 12:51:56 --> Error: Call to a member function getUsers() on null
[Method: GET, Route: edms/auth]
in APPPATH\Controllers\UsersController.php on line 13.
 1 SYSTEMPATH\CodeIgniter.php(933): App\Controllers\UsersController->users()
 2 SYSTEMPATH\CodeIgniter.php(507): CodeIgniter\CodeIgniter->runController(Object(App\Controllers\UsersController))
 3 SYSTEMPATH\CodeIgniter.php(354): CodeIgniter\CodeIgniter->handleRequest(null, Object(Config\Cache), false)
 4 SYSTEMPATH\Boot.php(334): CodeIgniter\CodeIgniter->run()
 5 SYSTEMPATH\Boot.php(67): CodeIgniter\Boot::runCodeIgniter(Object(CodeIgniter\CodeIgniter))
 6 FCPATH\index.php(56): CodeIgniter\Boot::bootWeb(Object(Config\Paths))
 7 SYSTEMPATH\rewrite.php(44): require_once('C:\\xampp\\htdocs\\CI_CRUD_MVC\\public\\index.php')
CRITICAL - 2025-02-25 12:53:28 --> Error: Call to a member function getUsers() on null
[Method: GET, Route: edms/auth]
in APPPATH\Controllers\UsersController.php on line 13.
 1 SYSTEMPATH\CodeIgniter.php(933): App\Controllers\UsersController->users()
 2 SYSTEMPATH\CodeIgniter.php(507): CodeIgniter\CodeIgniter->runController(Object(App\Controllers\UsersController))
 3 SYSTEMPATH\CodeIgniter.php(354): CodeIgniter\CodeIgniter->handleRequest(null, Object(Config\Cache), false)
 4 SYSTEMPATH\Boot.php(334): CodeIgniter\CodeIgniter->run()
 5 SYSTEMPATH\Boot.php(67): CodeIgniter\Boot::runCodeIgniter(Object(CodeIgniter\CodeIgniter))
 6 FCPATH\index.php(56): CodeIgniter\Boot::bootWeb(Object(Config\Paths))
 7 SYSTEMPATH\rewrite.php(44): require_once('C:\\xampp\\htdocs\\CI_CRUD_MVC\\public\\index.php')
CRITICAL - 2025-02-25 12:53:34 --> Error: Call to a member function getUsers() on null
[Method: GET, Route: edms/auth]
in APPPATH\Controllers\UsersController.php on line 13.
 1 SYSTEMPATH\CodeIgniter.php(933): App\Controllers\UsersController->users()
 2 SYSTEMPATH\CodeIgniter.php(507): CodeIgniter\CodeIgniter->runController(Object(App\Controllers\UsersController))
 3 SYSTEMPATH\CodeIgniter.php(354): CodeIgniter\CodeIgniter->handleRequest(null, Object(Config\Cache), false)
 4 SYSTEMPATH\Boot.php(334): CodeIgniter\CodeIgniter->run()
 5 SYSTEMPATH\Boot.php(67): CodeIgniter\Boot::runCodeIgniter(Object(CodeIgniter\CodeIgniter))
 6 FCPATH\index.php(56): CodeIgniter\Boot::bootWeb(Object(Config\Paths))
 7 SYSTEMPATH\rewrite.php(44): require_once('C:\\xampp\\htdocs\\CI_CRUD_MVC\\public\\index.php')
CRITICAL - 2025-02-25 12:56:31 --> Error: Call to undefined method CodeIgniter\View\View::extends()
[Method: GET, Route: edms/auth]
in APPPATH\Views\edms\users.php on line 2.
 1 SYSTEMPATH\View\View.php(224): include()
 2 SYSTEMPATH\View\View.php(227): CodeIgniter\View\View->CodeIgniter\View\{closure}()
 3 SYSTEMPATH\Common.php(1173): CodeIgniter\View\View->render('/edms/users', [], true)
 4 APPPATH\Controllers\UsersController.php(17): view('/edms/users', [...])
 5 SYSTEMPATH\CodeIgniter.php(933): App\Controllers\UsersController->users()
 6 SYSTEMPATH\CodeIgniter.php(507): CodeIgniter\CodeIgniter->runController(Object(App\Controllers\UsersController))
 7 SYSTEMPATH\CodeIgniter.php(354): CodeIgniter\CodeIgniter->handleRequest(null, Object(Config\Cache), false)
 8 SYSTEMPATH\Boot.php(334): CodeIgniter\CodeIgniter->run()
 9 SYSTEMPATH\Boot.php(67): CodeIgniter\Boot::runCodeIgniter(Object(CodeIgniter\CodeIgniter))
10 FCPATH\index.php(56): CodeIgniter\Boot::bootWeb(Object(Config\Paths))
11 SYSTEMPATH\rewrite.php(44): require_once('C:\\xampp\\htdocs\\CI_CRUD_MVC\\public\\index.php')
CRITICAL - 2025-02-25 12:57:10 --> Error: Call to undefined method CodeIgniter\View\View::extends()
[Method: GET, Route: edms/auth]
in APPPATH\Views\edms\users.php on line 2.
 1 SYSTEMPATH\View\View.php(224): include()
 2 SYSTEMPATH\View\View.php(227): CodeIgniter\View\View->CodeIgniter\View\{closure}()
 3 SYSTEMPATH\Common.php(1173): CodeIgniter\View\View->render('/edms/users', [], true)
 4 APPPATH\Controllers\UsersController.php(17): view('/edms/users', [...])
 5 SYSTEMPATH\CodeIgniter.php(933): App\Controllers\UsersController->users()
 6 SYSTEMPATH\CodeIgniter.php(507): CodeIgniter\CodeIgniter->runController(Object(App\Controllers\UsersController))
 7 SYSTEMPATH\CodeIgniter.php(354): CodeIgniter\CodeIgniter->handleRequest(null, Object(Config\Cache), false)
 8 SYSTEMPATH\Boot.php(334): CodeIgniter\CodeIgniter->run()
 9 SYSTEMPATH\Boot.php(67): CodeIgniter\Boot::runCodeIgniter(Object(CodeIgniter\CodeIgniter))
10 FCPATH\index.php(56): CodeIgniter\Boot::bootWeb(Object(Config\Paths))
11 SYSTEMPATH\rewrite.php(44): require_once('C:\\xampp\\htdocs\\CI_CRUD_MVC\\public\\index.php')
CRITICAL - 2025-02-25 13:13:29 --> ErrorException: Undefined variable $user_list
[Method: GET, Route: edms/auth]
in APPPATH\Views\edms\users.php on line 32.
 1 APPPATH\Views\edms\users.php(32): CodeIgniter\Debug\Exceptions->errorHandler(2, 'Undefined variable $user_list', 'C:\\xampp\\htdocs\\CI_CRUD_MVC\\app\\Views\\edms\\users.php', 32)
 2 SYSTEMPATH\View\View.php(224): include('C:\\xampp\\htdocs\\CI_CRUD_MVC\\app\\Views\\edms\\users.php')
 3 SYSTEMPATH\View\View.php(227): CodeIgniter\View\View->CodeIgniter\View\{closure}()
 4 SYSTEMPATH\Common.php(1173): CodeIgniter\View\View->render('/edms/users', [], true)
 5 APPPATH\Controllers\UsersController.php(17): view('/edms/users', [...])
 6 SYSTEMPATH\CodeIgniter.php(933): App\Controllers\UsersController->users()
 7 SYSTEMPATH\CodeIgniter.php(507): CodeIgniter\CodeIgniter->runController(Object(App\Controllers\UsersController))
 8 SYSTEMPATH\CodeIgniter.php(354): CodeIgniter\CodeIgniter->handleRequest(null, Object(Config\Cache), false)
 9 SYSTEMPATH\Boot.php(334): CodeIgniter\CodeIgniter->run()
10 SYSTEMPATH\Boot.php(67): CodeIgniter\Boot::runCodeIgniter(Object(CodeIgniter\CodeIgniter))
11 FCPATH\index.php(56): CodeIgniter\Boot::bootWeb(Object(Config\Paths))
12 SYSTEMPATH\rewrite.php(44): require_once('C:\\xampp\\htdocs\\CI_CRUD_MVC\\public\\index.php')
INFO - 2025-02-25 13:45:56 --> CSRF token verified.
